ARM GAS  /tmp/ccqW2qpJ.s 			page 1


   1              		.cpu cortex-m0plus
   2              		.arch armv6s-m
   3              		.fpu softvfp
   4              		.eabi_attribute 20, 1
   5              		.eabi_attribute 21, 1
   6              		.eabi_attribute 23, 3
   7              		.eabi_attribute 24, 1
   8              		.eabi_attribute 25, 1
   9              		.eabi_attribute 26, 1
  10              		.eabi_attribute 30, 4
  11              		.eabi_attribute 34, 0
  12              		.eabi_attribute 18, 4
  13              		.file	"stm32g0xx_hal_dma_ex.c"
  14              		.text
  15              	.Ltext0:
  16              		.cfi_sections	.debug_frame
  17              		.file 1 "Drivers/STM32G0xx_HAL_Driver/Src/stm32g0xx_hal_dma_ex.c"
  18              		.section	.text.HAL_DMAEx_ConfigMuxSync,"ax",%progbits
  19              		.align	1
  20              		.global	HAL_DMAEx_ConfigMuxSync
  21              		.syntax unified
  22              		.code	16
  23              		.thumb_func
  25              	HAL_DMAEx_ConfigMuxSync:
  26              	.LVL0:
  27              	.LFB420:
   1:Drivers/STM32G0xx_HAL_Driver/Src/stm32g0xx_hal_dma_ex.c **** /**
   2:Drivers/STM32G0xx_HAL_Driver/Src/stm32g0xx_hal_dma_ex.c ****   ******************************************************************************
   3:Drivers/STM32G0xx_HAL_Driver/Src/stm32g0xx_hal_dma_ex.c ****   * @file    stm32g0xx_hal_dma_ex.c
   4:Drivers/STM32G0xx_HAL_Driver/Src/stm32g0xx_hal_dma_ex.c ****   * @author  MCD Application Team
   5:Drivers/STM32G0xx_HAL_Driver/Src/stm32g0xx_hal_dma_ex.c ****   * @brief   DMA Extension HAL module driver
   6:Drivers/STM32G0xx_HAL_Driver/Src/stm32g0xx_hal_dma_ex.c ****   *         This file provides firmware functions to manage the following
   7:Drivers/STM32G0xx_HAL_Driver/Src/stm32g0xx_hal_dma_ex.c ****   *         functionalities of the DMA Extension peripheral:
   8:Drivers/STM32G0xx_HAL_Driver/Src/stm32g0xx_hal_dma_ex.c ****   *           + Extended features functions
   9:Drivers/STM32G0xx_HAL_Driver/Src/stm32g0xx_hal_dma_ex.c ****   *
  10:Drivers/STM32G0xx_HAL_Driver/Src/stm32g0xx_hal_dma_ex.c ****   @verbatim
  11:Drivers/STM32G0xx_HAL_Driver/Src/stm32g0xx_hal_dma_ex.c ****   ==============================================================================
  12:Drivers/STM32G0xx_HAL_Driver/Src/stm32g0xx_hal_dma_ex.c ****                         ##### How to use this driver #####
  13:Drivers/STM32G0xx_HAL_Driver/Src/stm32g0xx_hal_dma_ex.c ****   ==============================================================================
  14:Drivers/STM32G0xx_HAL_Driver/Src/stm32g0xx_hal_dma_ex.c ****   [..]
  15:Drivers/STM32G0xx_HAL_Driver/Src/stm32g0xx_hal_dma_ex.c ****   The DMA Extension HAL driver can be used as follows:
  16:Drivers/STM32G0xx_HAL_Driver/Src/stm32g0xx_hal_dma_ex.c ****    (+) Configure the DMAMUX Synchronization Block using HAL_DMAEx_ConfigMuxSync function.
  17:Drivers/STM32G0xx_HAL_Driver/Src/stm32g0xx_hal_dma_ex.c ****    (+) Configure the DMAMUX Request Generator Block using HAL_DMAEx_ConfigMuxRequestGenerator funct
  18:Drivers/STM32G0xx_HAL_Driver/Src/stm32g0xx_hal_dma_ex.c ****        Functions HAL_DMAEx_EnableMuxRequestGenerator and HAL_DMAEx_DisableMuxRequestGenerator can t
  19:Drivers/STM32G0xx_HAL_Driver/Src/stm32g0xx_hal_dma_ex.c ****        to respectively enable/disable the request generator.
  20:Drivers/STM32G0xx_HAL_Driver/Src/stm32g0xx_hal_dma_ex.c **** 
  21:Drivers/STM32G0xx_HAL_Driver/Src/stm32g0xx_hal_dma_ex.c ****    (+) To handle the DMAMUX Interrupts, the function  HAL_DMAEx_MUX_IRQHandler should be called fro
  22:Drivers/STM32G0xx_HAL_Driver/Src/stm32g0xx_hal_dma_ex.c ****        the DMAMUX IRQ handler i.e DMAMUX1_OVR_IRQHandler.
  23:Drivers/STM32G0xx_HAL_Driver/Src/stm32g0xx_hal_dma_ex.c ****        As only one interrupt line is available for all DMAMUX channels and request generators , HAL
  24:Drivers/STM32G0xx_HAL_Driver/Src/stm32g0xx_hal_dma_ex.c ****        called with, as parameter, the appropriate DMA handle as many as used DMAs in the user proje
  25:Drivers/STM32G0xx_HAL_Driver/Src/stm32g0xx_hal_dma_ex.c ****       (exception done if a given DMA is not using the DMAMUX SYNC block neither a request generator
  26:Drivers/STM32G0xx_HAL_Driver/Src/stm32g0xx_hal_dma_ex.c **** 
  27:Drivers/STM32G0xx_HAL_Driver/Src/stm32g0xx_hal_dma_ex.c ****   @endverbatim
  28:Drivers/STM32G0xx_HAL_Driver/Src/stm32g0xx_hal_dma_ex.c ****   ******************************************************************************
  29:Drivers/STM32G0xx_HAL_Driver/Src/stm32g0xx_hal_dma_ex.c ****   * @attention
  30:Drivers/STM32G0xx_HAL_Driver/Src/stm32g0xx_hal_dma_ex.c ****   *
  31:Drivers/STM32G0xx_HAL_Driver/Src/stm32g0xx_hal_dma_ex.c ****   * Copyright (c) 2018 STMicroelectronics.
ARM GAS  /tmp/ccqW2qpJ.s 			page 2


  32:Drivers/STM32G0xx_HAL_Driver/Src/stm32g0xx_hal_dma_ex.c ****   * All rights reserved.
  33:Drivers/STM32G0xx_HAL_Driver/Src/stm32g0xx_hal_dma_ex.c ****   *
  34:Drivers/STM32G0xx_HAL_Driver/Src/stm32g0xx_hal_dma_ex.c ****   * This software is licensed under terms that can be found in the LICENSE file
  35:Drivers/STM32G0xx_HAL_Driver/Src/stm32g0xx_hal_dma_ex.c ****   * in the root directory of this software component.
  36:Drivers/STM32G0xx_HAL_Driver/Src/stm32g0xx_hal_dma_ex.c ****   * If no LICENSE file comes with this software, it is provided AS-IS.
  37:Drivers/STM32G0xx_HAL_Driver/Src/stm32g0xx_hal_dma_ex.c ****   *
  38:Drivers/STM32G0xx_HAL_Driver/Src/stm32g0xx_hal_dma_ex.c ****   ******************************************************************************
  39:Drivers/STM32G0xx_HAL_Driver/Src/stm32g0xx_hal_dma_ex.c ****   */
  40:Drivers/STM32G0xx_HAL_Driver/Src/stm32g0xx_hal_dma_ex.c **** 
  41:Drivers/STM32G0xx_HAL_Driver/Src/stm32g0xx_hal_dma_ex.c **** /* Includes ------------------------------------------------------------------*/
  42:Drivers/STM32G0xx_HAL_Driver/Src/stm32g0xx_hal_dma_ex.c **** #include "stm32g0xx_hal.h"
  43:Drivers/STM32G0xx_HAL_Driver/Src/stm32g0xx_hal_dma_ex.c **** 
  44:Drivers/STM32G0xx_HAL_Driver/Src/stm32g0xx_hal_dma_ex.c **** /** @addtogroup STM32G0xx_HAL_Driver
  45:Drivers/STM32G0xx_HAL_Driver/Src/stm32g0xx_hal_dma_ex.c ****   * @{
  46:Drivers/STM32G0xx_HAL_Driver/Src/stm32g0xx_hal_dma_ex.c ****   */
  47:Drivers/STM32G0xx_HAL_Driver/Src/stm32g0xx_hal_dma_ex.c **** 
  48:Drivers/STM32G0xx_HAL_Driver/Src/stm32g0xx_hal_dma_ex.c **** /** @defgroup DMAEx DMAEx
  49:Drivers/STM32G0xx_HAL_Driver/Src/stm32g0xx_hal_dma_ex.c ****   * @brief DMA Extended HAL module driver
  50:Drivers/STM32G0xx_HAL_Driver/Src/stm32g0xx_hal_dma_ex.c ****   * @{
  51:Drivers/STM32G0xx_HAL_Driver/Src/stm32g0xx_hal_dma_ex.c ****   */
  52:Drivers/STM32G0xx_HAL_Driver/Src/stm32g0xx_hal_dma_ex.c **** 
  53:Drivers/STM32G0xx_HAL_Driver/Src/stm32g0xx_hal_dma_ex.c **** #ifdef HAL_DMA_MODULE_ENABLED
  54:Drivers/STM32G0xx_HAL_Driver/Src/stm32g0xx_hal_dma_ex.c **** 
  55:Drivers/STM32G0xx_HAL_Driver/Src/stm32g0xx_hal_dma_ex.c **** /* Private typedef -----------------------------------------------------------*/
  56:Drivers/STM32G0xx_HAL_Driver/Src/stm32g0xx_hal_dma_ex.c **** /* Private define ------------------------------------------------------------*/
  57:Drivers/STM32G0xx_HAL_Driver/Src/stm32g0xx_hal_dma_ex.c **** /* Private macro -------------------------------------------------------------*/
  58:Drivers/STM32G0xx_HAL_Driver/Src/stm32g0xx_hal_dma_ex.c **** /* Private variables ---------------------------------------------------------*/
  59:Drivers/STM32G0xx_HAL_Driver/Src/stm32g0xx_hal_dma_ex.c **** /* Private Constants ---------------------------------------------------------*/
  60:Drivers/STM32G0xx_HAL_Driver/Src/stm32g0xx_hal_dma_ex.c **** /* Private function prototypes -----------------------------------------------*/
  61:Drivers/STM32G0xx_HAL_Driver/Src/stm32g0xx_hal_dma_ex.c **** /* Exported functions --------------------------------------------------------*/
  62:Drivers/STM32G0xx_HAL_Driver/Src/stm32g0xx_hal_dma_ex.c **** 
  63:Drivers/STM32G0xx_HAL_Driver/Src/stm32g0xx_hal_dma_ex.c **** 
  64:Drivers/STM32G0xx_HAL_Driver/Src/stm32g0xx_hal_dma_ex.c **** /** @defgroup DMAEx_Exported_Functions DMAEx Exported Functions
  65:Drivers/STM32G0xx_HAL_Driver/Src/stm32g0xx_hal_dma_ex.c ****   * @{
  66:Drivers/STM32G0xx_HAL_Driver/Src/stm32g0xx_hal_dma_ex.c ****   */
  67:Drivers/STM32G0xx_HAL_Driver/Src/stm32g0xx_hal_dma_ex.c **** 
  68:Drivers/STM32G0xx_HAL_Driver/Src/stm32g0xx_hal_dma_ex.c **** /** @defgroup DMAEx_Exported_Functions_Group1 DMAEx Extended features functions
  69:Drivers/STM32G0xx_HAL_Driver/Src/stm32g0xx_hal_dma_ex.c ****   *  @brief   Extended features functions
  70:Drivers/STM32G0xx_HAL_Driver/Src/stm32g0xx_hal_dma_ex.c ****   *
  71:Drivers/STM32G0xx_HAL_Driver/Src/stm32g0xx_hal_dma_ex.c **** @verbatim
  72:Drivers/STM32G0xx_HAL_Driver/Src/stm32g0xx_hal_dma_ex.c ****  ===============================================================================
  73:Drivers/STM32G0xx_HAL_Driver/Src/stm32g0xx_hal_dma_ex.c ****                 #####  Extended features functions  #####
  74:Drivers/STM32G0xx_HAL_Driver/Src/stm32g0xx_hal_dma_ex.c ****  ===============================================================================
  75:Drivers/STM32G0xx_HAL_Driver/Src/stm32g0xx_hal_dma_ex.c ****     [..]  This section provides functions allowing to:
  76:Drivers/STM32G0xx_HAL_Driver/Src/stm32g0xx_hal_dma_ex.c **** 
  77:Drivers/STM32G0xx_HAL_Driver/Src/stm32g0xx_hal_dma_ex.c ****     (+) Configure the DMAMUX Synchronization Block using HAL_DMAEx_ConfigMuxSync function.
  78:Drivers/STM32G0xx_HAL_Driver/Src/stm32g0xx_hal_dma_ex.c ****     (+) Configure the DMAMUX Request Generator Block using HAL_DMAEx_ConfigMuxRequestGenerator func
  79:Drivers/STM32G0xx_HAL_Driver/Src/stm32g0xx_hal_dma_ex.c ****        Functions HAL_DMAEx_EnableMuxRequestGenerator and HAL_DMAEx_DisableMuxRequestGenerator can t
  80:Drivers/STM32G0xx_HAL_Driver/Src/stm32g0xx_hal_dma_ex.c ****        to respectively enable/disable the request generator.
  81:Drivers/STM32G0xx_HAL_Driver/Src/stm32g0xx_hal_dma_ex.c ****     (+) Handle DMAMUX interrupts using HAL_DMAEx_MUX_IRQHandler : should be called from
  82:Drivers/STM32G0xx_HAL_Driver/Src/stm32g0xx_hal_dma_ex.c ****         the DMAMUX IRQ handler
  83:Drivers/STM32G0xx_HAL_Driver/Src/stm32g0xx_hal_dma_ex.c **** 
  84:Drivers/STM32G0xx_HAL_Driver/Src/stm32g0xx_hal_dma_ex.c **** @endverbatim
  85:Drivers/STM32G0xx_HAL_Driver/Src/stm32g0xx_hal_dma_ex.c ****   * @{
  86:Drivers/STM32G0xx_HAL_Driver/Src/stm32g0xx_hal_dma_ex.c ****   */
  87:Drivers/STM32G0xx_HAL_Driver/Src/stm32g0xx_hal_dma_ex.c **** 
  88:Drivers/STM32G0xx_HAL_Driver/Src/stm32g0xx_hal_dma_ex.c **** /**
ARM GAS  /tmp/ccqW2qpJ.s 			page 3


  89:Drivers/STM32G0xx_HAL_Driver/Src/stm32g0xx_hal_dma_ex.c ****   * @brief Configure the DMAMUX synchronization parameters for a given DMA channel (instance).
  90:Drivers/STM32G0xx_HAL_Driver/Src/stm32g0xx_hal_dma_ex.c ****   * @param hdma Pointer to a DMA_HandleTypeDef structure that contains
  91:Drivers/STM32G0xx_HAL_Driver/Src/stm32g0xx_hal_dma_ex.c ****   *             the configuration information for the specified DMA channel.
  92:Drivers/STM32G0xx_HAL_Driver/Src/stm32g0xx_hal_dma_ex.c ****   * @param pSyncConfig Pointer to HAL_DMA_MuxSyncConfigTypeDef contains the DMAMUX synchronization 
  93:Drivers/STM32G0xx_HAL_Driver/Src/stm32g0xx_hal_dma_ex.c ****   * @retval HAL status
  94:Drivers/STM32G0xx_HAL_Driver/Src/stm32g0xx_hal_dma_ex.c ****   */
  95:Drivers/STM32G0xx_HAL_Driver/Src/stm32g0xx_hal_dma_ex.c **** HAL_StatusTypeDef HAL_DMAEx_ConfigMuxSync(DMA_HandleTypeDef *hdma, HAL_DMA_MuxSyncConfigTypeDef *pS
  96:Drivers/STM32G0xx_HAL_Driver/Src/stm32g0xx_hal_dma_ex.c **** {
  28              		.loc 1 96 1 view -0
  29              		.cfi_startproc
  30              		@ args = 0, pretend = 0, frame = 0
  31              		@ frame_needed = 0, uses_anonymous_args = 0
  97:Drivers/STM32G0xx_HAL_Driver/Src/stm32g0xx_hal_dma_ex.c ****   /* Check the parameters */
  98:Drivers/STM32G0xx_HAL_Driver/Src/stm32g0xx_hal_dma_ex.c ****   assert_param(IS_DMA_ALL_INSTANCE(hdma->Instance));
  32              		.loc 1 98 3 view .LVU1
  99:Drivers/STM32G0xx_HAL_Driver/Src/stm32g0xx_hal_dma_ex.c **** 
 100:Drivers/STM32G0xx_HAL_Driver/Src/stm32g0xx_hal_dma_ex.c ****   assert_param(IS_DMAMUX_SYNC_SIGNAL_ID(pSyncConfig->SyncSignalID));
  33              		.loc 1 100 3 view .LVU2
 101:Drivers/STM32G0xx_HAL_Driver/Src/stm32g0xx_hal_dma_ex.c **** 
 102:Drivers/STM32G0xx_HAL_Driver/Src/stm32g0xx_hal_dma_ex.c ****   assert_param(IS_DMAMUX_SYNC_POLARITY(pSyncConfig-> SyncPolarity));
  34              		.loc 1 102 3 view .LVU3
 103:Drivers/STM32G0xx_HAL_Driver/Src/stm32g0xx_hal_dma_ex.c ****   assert_param(IS_DMAMUX_SYNC_STATE(pSyncConfig->SyncEnable));
  35              		.loc 1 103 3 view .LVU4
 104:Drivers/STM32G0xx_HAL_Driver/Src/stm32g0xx_hal_dma_ex.c ****   assert_param(IS_DMAMUX_SYNC_EVENT(pSyncConfig->EventEnable));
  36              		.loc 1 104 3 view .LVU5
 105:Drivers/STM32G0xx_HAL_Driver/Src/stm32g0xx_hal_dma_ex.c ****   assert_param(IS_DMAMUX_SYNC_REQUEST_NUMBER(pSyncConfig->RequestNumber));
  37              		.loc 1 105 3 view .LVU6
 106:Drivers/STM32G0xx_HAL_Driver/Src/stm32g0xx_hal_dma_ex.c **** 
 107:Drivers/STM32G0xx_HAL_Driver/Src/stm32g0xx_hal_dma_ex.c ****   /*Check if the DMA state is ready */
 108:Drivers/STM32G0xx_HAL_Driver/Src/stm32g0xx_hal_dma_ex.c ****   if (hdma->State == HAL_DMA_STATE_READY)
  38              		.loc 1 108 3 view .LVU7
  96:Drivers/STM32G0xx_HAL_Driver/Src/stm32g0xx_hal_dma_ex.c ****   /* Check the parameters */
  39              		.loc 1 96 1 is_stmt 0 view .LVU8
  40 0000 70B5     		push	{r4, r5, r6, lr}
  41              	.LCFI0:
  42              		.cfi_def_cfa_offset 16
  43              		.cfi_offset 4, -16
  44              		.cfi_offset 5, -12
  45              		.cfi_offset 6, -8
  46              		.cfi_offset 14, -4
  47              		.loc 1 108 11 view .LVU9
  48 0002 821D     		adds	r2, r0, #6
  49 0004 D27F     		ldrb	r2, [r2, #31]
  96:Drivers/STM32G0xx_HAL_Driver/Src/stm32g0xx_hal_dma_ex.c ****   /* Check the parameters */
  50              		.loc 1 96 1 view .LVU10
  51 0006 0300     		movs	r3, r0
  52              		.loc 1 108 6 view .LVU11
  53 0008 012A     		cmp	r2, #1
  54 000a 1AD1     		bne	.L2
 109:Drivers/STM32G0xx_HAL_Driver/Src/stm32g0xx_hal_dma_ex.c ****   {
 110:Drivers/STM32G0xx_HAL_Driver/Src/stm32g0xx_hal_dma_ex.c ****     /* Process Locked */
 111:Drivers/STM32G0xx_HAL_Driver/Src/stm32g0xx_hal_dma_ex.c ****     __HAL_LOCK(hdma);
  55              		.loc 1 111 5 is_stmt 1 view .LVU12
  56              		.loc 1 111 5 view .LVU13
  57 000c 421D     		adds	r2, r0, #5
  58 000e D47F     		ldrb	r4, [r2, #31]
  59              		.loc 1 111 5 is_stmt 0 discriminator 1 view .LVU14
ARM GAS  /tmp/ccqW2qpJ.s 			page 4


  60 0010 0220     		movs	r0, #2
  61              	.LVL1:
  62              		.loc 1 111 5 view .LVU15
  63 0012 012C     		cmp	r4, #1
  64 0014 14D0     		beq	.L3
  65              		.loc 1 111 5 is_stmt 1 discriminator 2 view .LVU16
  66              		.loc 1 111 5 discriminator 2 view .LVU17
 112:Drivers/STM32G0xx_HAL_Driver/Src/stm32g0xx_hal_dma_ex.c **** 
 113:Drivers/STM32G0xx_HAL_Driver/Src/stm32g0xx_hal_dma_ex.c ****     /* Set the new synchronization parameters (and keep the request ID filled during the Init)*/
 114:Drivers/STM32G0xx_HAL_Driver/Src/stm32g0xx_hal_dma_ex.c ****     MODIFY_REG(hdma->DMAmuxChannel->CCR, \
  67              		.loc 1 114 5 view .LVU18
  68 0016 586C     		ldr	r0, [r3, #68]
  69 0018 CB68     		ldr	r3, [r1, #12]
  70              	.LVL2:
  71              		.loc 1 114 5 is_stmt 0 view .LVU19
  72 001a 0D68     		ldr	r5, [r1]
  73 001c 4E68     		ldr	r6, [r1, #4]
  74 001e 013B     		subs	r3, r3, #1
  75 0020 3543     		orrs	r5, r6
  76 0022 DB04     		lsls	r3, r3, #19
  77 0024 2B43     		orrs	r3, r5
  78 0026 0D7A     		ldrb	r5, [r1, #8]
  79 0028 497A     		ldrb	r1, [r1, #9]
  80              	.LVL3:
  81              		.loc 1 114 5 view .LVU20
  82 002a 2D04     		lsls	r5, r5, #16
  83 002c 4902     		lsls	r1, r1, #9
  84 002e 2B43     		orrs	r3, r5
  85 0030 0B43     		orrs	r3, r1
  86 0032 3F21     		movs	r1, #63
  87 0034 0468     		ldr	r4, [r0]
  88 0036 0C40     		ands	r4, r1
  89 0038 2343     		orrs	r3, r4
  90 003a 0360     		str	r3, [r0]
 115:Drivers/STM32G0xx_HAL_Driver/Src/stm32g0xx_hal_dma_ex.c ****                (~DMAMUX_CxCR_DMAREQ_ID), \
 116:Drivers/STM32G0xx_HAL_Driver/Src/stm32g0xx_hal_dma_ex.c ****                (pSyncConfig->SyncSignalID | ((pSyncConfig->RequestNumber - 1U) << DMAMUX_CxCR_NBREQ
 117:Drivers/STM32G0xx_HAL_Driver/Src/stm32g0xx_hal_dma_ex.c ****                 pSyncConfig->SyncPolarity | ((uint32_t)pSyncConfig->SyncEnable << DMAMUX_CxCR_SE_Po
 118:Drivers/STM32G0xx_HAL_Driver/Src/stm32g0xx_hal_dma_ex.c ****                 ((uint32_t)pSyncConfig->EventEnable << DMAMUX_CxCR_EGE_Pos)));
 119:Drivers/STM32G0xx_HAL_Driver/Src/stm32g0xx_hal_dma_ex.c **** 
 120:Drivers/STM32G0xx_HAL_Driver/Src/stm32g0xx_hal_dma_ex.c ****     /* Process UnLocked */
 121:Drivers/STM32G0xx_HAL_Driver/Src/stm32g0xx_hal_dma_ex.c ****     __HAL_UNLOCK(hdma);
  91              		.loc 1 121 5 is_stmt 1 view .LVU21
  92              		.loc 1 121 5 view .LVU22
  93 003c 0020     		movs	r0, #0
  94 003e D077     		strb	r0, [r2, #31]
  95              		.loc 1 121 5 view .LVU23
 122:Drivers/STM32G0xx_HAL_Driver/Src/stm32g0xx_hal_dma_ex.c **** 
 123:Drivers/STM32G0xx_HAL_Driver/Src/stm32g0xx_hal_dma_ex.c ****     return HAL_OK;
  96              		.loc 1 123 5 view .LVU24
  97              	.LVL4:
  98              	.L3:
 124:Drivers/STM32G0xx_HAL_Driver/Src/stm32g0xx_hal_dma_ex.c ****   }
 125:Drivers/STM32G0xx_HAL_Driver/Src/stm32g0xx_hal_dma_ex.c ****   else
 126:Drivers/STM32G0xx_HAL_Driver/Src/stm32g0xx_hal_dma_ex.c ****   {
 127:Drivers/STM32G0xx_HAL_Driver/Src/stm32g0xx_hal_dma_ex.c ****     /* Set the error code to busy */
 128:Drivers/STM32G0xx_HAL_Driver/Src/stm32g0xx_hal_dma_ex.c ****     hdma->ErrorCode = HAL_DMA_ERROR_BUSY;
 129:Drivers/STM32G0xx_HAL_Driver/Src/stm32g0xx_hal_dma_ex.c **** 
ARM GAS  /tmp/ccqW2qpJ.s 			page 5


 130:Drivers/STM32G0xx_HAL_Driver/Src/stm32g0xx_hal_dma_ex.c ****     /* Return error status */
 131:Drivers/STM32G0xx_HAL_Driver/Src/stm32g0xx_hal_dma_ex.c ****     return HAL_ERROR;
 132:Drivers/STM32G0xx_HAL_Driver/Src/stm32g0xx_hal_dma_ex.c ****   }
 133:Drivers/STM32G0xx_HAL_Driver/Src/stm32g0xx_hal_dma_ex.c **** }
  99              		.loc 1 133 1 is_stmt 0 view .LVU25
 100              		@ sp needed
 101 0040 70BD     		pop	{r4, r5, r6, pc}
 102              	.LVL5:
 103              	.L2:
 128:Drivers/STM32G0xx_HAL_Driver/Src/stm32g0xx_hal_dma_ex.c **** 
 104              		.loc 1 128 5 is_stmt 1 view .LVU26
 128:Drivers/STM32G0xx_HAL_Driver/Src/stm32g0xx_hal_dma_ex.c **** 
 105              		.loc 1 128 21 is_stmt 0 view .LVU27
 106 0042 8022     		movs	r2, #128
 107 0044 C263     		str	r2, [r0, #60]
 131:Drivers/STM32G0xx_HAL_Driver/Src/stm32g0xx_hal_dma_ex.c ****   }
 108              		.loc 1 131 5 is_stmt 1 view .LVU28
 131:Drivers/STM32G0xx_HAL_Driver/Src/stm32g0xx_hal_dma_ex.c ****   }
 109              		.loc 1 131 12 is_stmt 0 view .LVU29
 110 0046 0120     		movs	r0, #1
 111              	.LVL6:
 131:Drivers/STM32G0xx_HAL_Driver/Src/stm32g0xx_hal_dma_ex.c ****   }
 112              		.loc 1 131 12 view .LVU30
 113 0048 FAE7     		b	.L3
 114              		.cfi_endproc
 115              	.LFE420:
 117              		.section	.text.HAL_DMAEx_ConfigMuxRequestGenerator,"ax",%progbits
 118              		.align	1
 119              		.global	HAL_DMAEx_ConfigMuxRequestGenerator
 120              		.syntax unified
 121              		.code	16
 122              		.thumb_func
 124              	HAL_DMAEx_ConfigMuxRequestGenerator:
 125              	.LVL7:
 126              	.LFB421:
 134:Drivers/STM32G0xx_HAL_Driver/Src/stm32g0xx_hal_dma_ex.c **** 
 135:Drivers/STM32G0xx_HAL_Driver/Src/stm32g0xx_hal_dma_ex.c **** /**
 136:Drivers/STM32G0xx_HAL_Driver/Src/stm32g0xx_hal_dma_ex.c ****   * @brief Configure the DMAMUX request generator block used by the given DMA channel (instance).
 137:Drivers/STM32G0xx_HAL_Driver/Src/stm32g0xx_hal_dma_ex.c ****   * @param hdma Pointer to a DMA_HandleTypeDef structure that contains
 138:Drivers/STM32G0xx_HAL_Driver/Src/stm32g0xx_hal_dma_ex.c ****   *             the configuration information for the specified DMA channel.
 139:Drivers/STM32G0xx_HAL_Driver/Src/stm32g0xx_hal_dma_ex.c ****   * @param pRequestGeneratorConfig Pointer to HAL_DMA_MuxRequestGeneratorConfigTypeDef
 140:Drivers/STM32G0xx_HAL_Driver/Src/stm32g0xx_hal_dma_ex.c ****   *                                contains the request generator parameters.
 141:Drivers/STM32G0xx_HAL_Driver/Src/stm32g0xx_hal_dma_ex.c ****   *
 142:Drivers/STM32G0xx_HAL_Driver/Src/stm32g0xx_hal_dma_ex.c ****   * @retval HAL status
 143:Drivers/STM32G0xx_HAL_Driver/Src/stm32g0xx_hal_dma_ex.c ****   */
 144:Drivers/STM32G0xx_HAL_Driver/Src/stm32g0xx_hal_dma_ex.c **** HAL_StatusTypeDef HAL_DMAEx_ConfigMuxRequestGenerator(DMA_HandleTypeDef *hdma,
 145:Drivers/STM32G0xx_HAL_Driver/Src/stm32g0xx_hal_dma_ex.c ****                                                       HAL_DMA_MuxRequestGeneratorConfigTypeDef *pRe
 146:Drivers/STM32G0xx_HAL_Driver/Src/stm32g0xx_hal_dma_ex.c **** {
 127              		.loc 1 146 1 is_stmt 1 view -0
 128              		.cfi_startproc
 129              		@ args = 0, pretend = 0, frame = 0
 130              		@ frame_needed = 0, uses_anonymous_args = 0
 147:Drivers/STM32G0xx_HAL_Driver/Src/stm32g0xx_hal_dma_ex.c ****   HAL_StatusTypeDef status;
 131              		.loc 1 147 3 view .LVU32
 148:Drivers/STM32G0xx_HAL_Driver/Src/stm32g0xx_hal_dma_ex.c ****   HAL_DMA_StateTypeDef temp_state = hdma->State;
 132              		.loc 1 148 3 view .LVU33
 146:Drivers/STM32G0xx_HAL_Driver/Src/stm32g0xx_hal_dma_ex.c ****   HAL_StatusTypeDef status;
ARM GAS  /tmp/ccqW2qpJ.s 			page 6


 133              		.loc 1 146 1 is_stmt 0 view .LVU34
 134 0000 70B5     		push	{r4, r5, r6, lr}
 135              	.LCFI1:
 136              		.cfi_def_cfa_offset 16
 137              		.cfi_offset 4, -16
 138              		.cfi_offset 5, -12
 139              		.cfi_offset 6, -8
 140              		.cfi_offset 14, -4
 141              		.loc 1 148 24 view .LVU35
 142 0002 831D     		adds	r3, r0, #6
 143 0004 DB7F     		ldrb	r3, [r3, #31]
 149:Drivers/STM32G0xx_HAL_Driver/Src/stm32g0xx_hal_dma_ex.c **** 
 150:Drivers/STM32G0xx_HAL_Driver/Src/stm32g0xx_hal_dma_ex.c ****   /* Check the parameters */
 151:Drivers/STM32G0xx_HAL_Driver/Src/stm32g0xx_hal_dma_ex.c ****   assert_param(IS_DMA_ALL_INSTANCE(hdma->Instance));
 152:Drivers/STM32G0xx_HAL_Driver/Src/stm32g0xx_hal_dma_ex.c **** 
 153:Drivers/STM32G0xx_HAL_Driver/Src/stm32g0xx_hal_dma_ex.c ****   assert_param(IS_DMAMUX_REQUEST_GEN_SIGNAL_ID(pRequestGeneratorConfig->SignalID));
 154:Drivers/STM32G0xx_HAL_Driver/Src/stm32g0xx_hal_dma_ex.c **** 
 155:Drivers/STM32G0xx_HAL_Driver/Src/stm32g0xx_hal_dma_ex.c ****   assert_param(IS_DMAMUX_REQUEST_GEN_POLARITY(pRequestGeneratorConfig->Polarity));
 156:Drivers/STM32G0xx_HAL_Driver/Src/stm32g0xx_hal_dma_ex.c ****   assert_param(IS_DMAMUX_REQUEST_GEN_REQUEST_NUMBER(pRequestGeneratorConfig->RequestNumber));
 157:Drivers/STM32G0xx_HAL_Driver/Src/stm32g0xx_hal_dma_ex.c **** 
 158:Drivers/STM32G0xx_HAL_Driver/Src/stm32g0xx_hal_dma_ex.c ****   /* check if the DMA state is ready
 159:Drivers/STM32G0xx_HAL_Driver/Src/stm32g0xx_hal_dma_ex.c ****      and DMA is using a DMAMUX request generator block
 160:Drivers/STM32G0xx_HAL_Driver/Src/stm32g0xx_hal_dma_ex.c ****   */
 161:Drivers/STM32G0xx_HAL_Driver/Src/stm32g0xx_hal_dma_ex.c ****   if (hdma->DMAmuxRequestGen == 0U)
 144              		.loc 1 161 11 view .LVU36
 145 0006 046D     		ldr	r4, [r0, #80]
 148:Drivers/STM32G0xx_HAL_Driver/Src/stm32g0xx_hal_dma_ex.c **** 
 146              		.loc 1 148 24 view .LVU37
 147 0008 DBB2     		uxtb	r3, r3
 148              	.LVL8:
 151:Drivers/STM32G0xx_HAL_Driver/Src/stm32g0xx_hal_dma_ex.c **** 
 149              		.loc 1 151 3 is_stmt 1 view .LVU38
 153:Drivers/STM32G0xx_HAL_Driver/Src/stm32g0xx_hal_dma_ex.c **** 
 150              		.loc 1 153 3 view .LVU39
 155:Drivers/STM32G0xx_HAL_Driver/Src/stm32g0xx_hal_dma_ex.c ****   assert_param(IS_DMAMUX_REQUEST_GEN_REQUEST_NUMBER(pRequestGeneratorConfig->RequestNumber));
 151              		.loc 1 155 3 view .LVU40
 156:Drivers/STM32G0xx_HAL_Driver/Src/stm32g0xx_hal_dma_ex.c **** 
 152              		.loc 1 156 3 view .LVU41
 153              		.loc 1 161 3 view .LVU42
 154              		.loc 1 161 6 is_stmt 0 view .LVU43
 155 000a 002C     		cmp	r4, #0
 156 000c 03D1     		bne	.L6
 162:Drivers/STM32G0xx_HAL_Driver/Src/stm32g0xx_hal_dma_ex.c ****   {
 163:Drivers/STM32G0xx_HAL_Driver/Src/stm32g0xx_hal_dma_ex.c ****     /* Set the error code to busy */
 164:Drivers/STM32G0xx_HAL_Driver/Src/stm32g0xx_hal_dma_ex.c ****     hdma->ErrorCode = HAL_DMA_ERROR_PARAM;
 157              		.loc 1 164 5 is_stmt 1 view .LVU44
 158              		.loc 1 164 21 is_stmt 0 view .LVU45
 159 000e 4023     		movs	r3, #64
 160              	.LVL9:
 161              	.L11:
 162              		.loc 1 164 21 view .LVU46
 163 0010 C363     		str	r3, [r0, #60]
 165:Drivers/STM32G0xx_HAL_Driver/Src/stm32g0xx_hal_dma_ex.c **** 
 166:Drivers/STM32G0xx_HAL_Driver/Src/stm32g0xx_hal_dma_ex.c ****     /* error status */
 167:Drivers/STM32G0xx_HAL_Driver/Src/stm32g0xx_hal_dma_ex.c ****     status = HAL_ERROR;
 164              		.loc 1 167 5 is_stmt 1 view .LVU47
 165              	.LVL10:
ARM GAS  /tmp/ccqW2qpJ.s 			page 7


 168:Drivers/STM32G0xx_HAL_Driver/Src/stm32g0xx_hal_dma_ex.c ****   }
 169:Drivers/STM32G0xx_HAL_Driver/Src/stm32g0xx_hal_dma_ex.c ****   else if (((hdma->DMAmuxRequestGen->RGCR & DMAMUX_RGxCR_GE) == 0U) && (temp_state == HAL_DMA_STATE
 170:Drivers/STM32G0xx_HAL_Driver/Src/stm32g0xx_hal_dma_ex.c ****   {
 171:Drivers/STM32G0xx_HAL_Driver/Src/stm32g0xx_hal_dma_ex.c ****     /* RequestGenerator must be disable prior to the configuration i.e GE bit is 0 */
 172:Drivers/STM32G0xx_HAL_Driver/Src/stm32g0xx_hal_dma_ex.c **** 
 173:Drivers/STM32G0xx_HAL_Driver/Src/stm32g0xx_hal_dma_ex.c ****     /* Process Locked */
 174:Drivers/STM32G0xx_HAL_Driver/Src/stm32g0xx_hal_dma_ex.c ****     __HAL_LOCK(hdma);
 175:Drivers/STM32G0xx_HAL_Driver/Src/stm32g0xx_hal_dma_ex.c **** 
 176:Drivers/STM32G0xx_HAL_Driver/Src/stm32g0xx_hal_dma_ex.c ****     /* Set the request generator new parameters*/
 177:Drivers/STM32G0xx_HAL_Driver/Src/stm32g0xx_hal_dma_ex.c ****     hdma->DMAmuxRequestGen->RGCR = pRequestGeneratorConfig->SignalID | \
 178:Drivers/STM32G0xx_HAL_Driver/Src/stm32g0xx_hal_dma_ex.c ****                                    ((pRequestGeneratorConfig->RequestNumber - 1U) << DMAMUX_RGxCR_G
 179:Drivers/STM32G0xx_HAL_Driver/Src/stm32g0xx_hal_dma_ex.c ****                                    pRequestGeneratorConfig->Polarity;
 180:Drivers/STM32G0xx_HAL_Driver/Src/stm32g0xx_hal_dma_ex.c ****     /* Process UnLocked */
 181:Drivers/STM32G0xx_HAL_Driver/Src/stm32g0xx_hal_dma_ex.c ****     __HAL_UNLOCK(hdma);
 182:Drivers/STM32G0xx_HAL_Driver/Src/stm32g0xx_hal_dma_ex.c **** 
 183:Drivers/STM32G0xx_HAL_Driver/Src/stm32g0xx_hal_dma_ex.c ****     return HAL_OK;
 184:Drivers/STM32G0xx_HAL_Driver/Src/stm32g0xx_hal_dma_ex.c ****   }
 185:Drivers/STM32G0xx_HAL_Driver/Src/stm32g0xx_hal_dma_ex.c ****   else
 186:Drivers/STM32G0xx_HAL_Driver/Src/stm32g0xx_hal_dma_ex.c ****   {
 187:Drivers/STM32G0xx_HAL_Driver/Src/stm32g0xx_hal_dma_ex.c ****     /* Set the error code to busy */
 188:Drivers/STM32G0xx_HAL_Driver/Src/stm32g0xx_hal_dma_ex.c ****     hdma->ErrorCode = HAL_DMA_ERROR_BUSY;
 189:Drivers/STM32G0xx_HAL_Driver/Src/stm32g0xx_hal_dma_ex.c **** 
 190:Drivers/STM32G0xx_HAL_Driver/Src/stm32g0xx_hal_dma_ex.c ****     /* error status */
 191:Drivers/STM32G0xx_HAL_Driver/Src/stm32g0xx_hal_dma_ex.c ****     status = HAL_ERROR;
 192:Drivers/STM32G0xx_HAL_Driver/Src/stm32g0xx_hal_dma_ex.c ****   }
 193:Drivers/STM32G0xx_HAL_Driver/Src/stm32g0xx_hal_dma_ex.c **** 
 194:Drivers/STM32G0xx_HAL_Driver/Src/stm32g0xx_hal_dma_ex.c ****   return status;
 166              		.loc 1 194 10 is_stmt 0 view .LVU48
 167 0012 0120     		movs	r0, #1
 168              	.LVL11:
 169              	.L7:
 195:Drivers/STM32G0xx_HAL_Driver/Src/stm32g0xx_hal_dma_ex.c **** }
 170              		.loc 1 195 1 view .LVU49
 171              		@ sp needed
 172 0014 70BD     		pop	{r4, r5, r6, pc}
 173              	.LVL12:
 174              	.L6:
 169:Drivers/STM32G0xx_HAL_Driver/Src/stm32g0xx_hal_dma_ex.c ****   {
 175              		.loc 1 169 8 is_stmt 1 view .LVU50
 169:Drivers/STM32G0xx_HAL_Driver/Src/stm32g0xx_hal_dma_ex.c ****   {
 176              		.loc 1 169 36 is_stmt 0 view .LVU51
 177 0016 2668     		ldr	r6, [r4]
 169:Drivers/STM32G0xx_HAL_Driver/Src/stm32g0xx_hal_dma_ex.c ****   {
 178              		.loc 1 169 43 view .LVU52
 179 0018 8022     		movs	r2, #128
 180 001a 3500     		movs	r5, r6
 181 001c 5202     		lsls	r2, r2, #9
 182 001e 1540     		ands	r5, r2
 169:Drivers/STM32G0xx_HAL_Driver/Src/stm32g0xx_hal_dma_ex.c ****   {
 183              		.loc 1 169 11 view .LVU53
 184 0020 1642     		tst	r6, r2
 185 0022 10D1     		bne	.L8
 169:Drivers/STM32G0xx_HAL_Driver/Src/stm32g0xx_hal_dma_ex.c ****   {
 186              		.loc 1 169 69 discriminator 1 view .LVU54
 187 0024 012B     		cmp	r3, #1
 188 0026 0ED1     		bne	.L8
 174:Drivers/STM32G0xx_HAL_Driver/Src/stm32g0xx_hal_dma_ex.c **** 
ARM GAS  /tmp/ccqW2qpJ.s 			page 8


 189              		.loc 1 174 5 is_stmt 1 view .LVU55
 174:Drivers/STM32G0xx_HAL_Driver/Src/stm32g0xx_hal_dma_ex.c **** 
 190              		.loc 1 174 5 view .LVU56
 191 0028 431D     		adds	r3, r0, #5
 192              	.LVL13:
 174:Drivers/STM32G0xx_HAL_Driver/Src/stm32g0xx_hal_dma_ex.c **** 
 193              		.loc 1 174 5 is_stmt 0 view .LVU57
 194 002a DA7F     		ldrb	r2, [r3, #31]
 174:Drivers/STM32G0xx_HAL_Driver/Src/stm32g0xx_hal_dma_ex.c **** 
 195              		.loc 1 174 5 discriminator 1 view .LVU58
 196 002c 0220     		movs	r0, #2
 197              	.LVL14:
 174:Drivers/STM32G0xx_HAL_Driver/Src/stm32g0xx_hal_dma_ex.c **** 
 198              		.loc 1 174 5 view .LVU59
 199 002e 012A     		cmp	r2, #1
 200 0030 F0D0     		beq	.L7
 174:Drivers/STM32G0xx_HAL_Driver/Src/stm32g0xx_hal_dma_ex.c **** 
 201              		.loc 1 174 5 is_stmt 1 discriminator 2 view .LVU60
 174:Drivers/STM32G0xx_HAL_Driver/Src/stm32g0xx_hal_dma_ex.c **** 
 202              		.loc 1 174 5 discriminator 2 view .LVU61
 177:Drivers/STM32G0xx_HAL_Driver/Src/stm32g0xx_hal_dma_ex.c ****                                    ((pRequestGeneratorConfig->RequestNumber - 1U) << DMAMUX_RGxCR_G
 203              		.loc 1 177 5 view .LVU62
 178:Drivers/STM32G0xx_HAL_Driver/Src/stm32g0xx_hal_dma_ex.c ****                                    pRequestGeneratorConfig->Polarity;
 204              		.loc 1 178 77 is_stmt 0 view .LVU63
 205 0032 8A68     		ldr	r2, [r1, #8]
 178:Drivers/STM32G0xx_HAL_Driver/Src/stm32g0xx_hal_dma_ex.c ****                                    pRequestGeneratorConfig->Polarity;
 206              		.loc 1 178 111 view .LVU64
 207 0034 03C9     		ldmia	r1, {r0, r1}
 208              	.LVL15:
 178:Drivers/STM32G0xx_HAL_Driver/Src/stm32g0xx_hal_dma_ex.c ****                                    pRequestGeneratorConfig->Polarity;
 209              		.loc 1 178 77 view .LVU65
 210 0036 013A     		subs	r2, r2, #1
 178:Drivers/STM32G0xx_HAL_Driver/Src/stm32g0xx_hal_dma_ex.c ****                                    pRequestGeneratorConfig->Polarity;
 211              		.loc 1 178 111 view .LVU66
 212 0038 0143     		orrs	r1, r0
 178:Drivers/STM32G0xx_HAL_Driver/Src/stm32g0xx_hal_dma_ex.c ****                                    pRequestGeneratorConfig->Polarity;
 213              		.loc 1 178 83 view .LVU67
 214 003a D204     		lsls	r2, r2, #19
 178:Drivers/STM32G0xx_HAL_Driver/Src/stm32g0xx_hal_dma_ex.c ****                                    pRequestGeneratorConfig->Polarity;
 215              		.loc 1 178 111 view .LVU68
 216 003c 0A43     		orrs	r2, r1
 177:Drivers/STM32G0xx_HAL_Driver/Src/stm32g0xx_hal_dma_ex.c ****                                    ((pRequestGeneratorConfig->RequestNumber - 1U) << DMAMUX_RGxCR_G
 217              		.loc 1 177 34 view .LVU69
 218 003e 2260     		str	r2, [r4]
 181:Drivers/STM32G0xx_HAL_Driver/Src/stm32g0xx_hal_dma_ex.c **** 
 219              		.loc 1 181 5 is_stmt 1 view .LVU70
 181:Drivers/STM32G0xx_HAL_Driver/Src/stm32g0xx_hal_dma_ex.c **** 
 220              		.loc 1 181 5 view .LVU71
 183:Drivers/STM32G0xx_HAL_Driver/Src/stm32g0xx_hal_dma_ex.c ****   }
 221              		.loc 1 183 12 is_stmt 0 view .LVU72
 222 0040 2800     		movs	r0, r5
 181:Drivers/STM32G0xx_HAL_Driver/Src/stm32g0xx_hal_dma_ex.c **** 
 223              		.loc 1 181 5 view .LVU73
 224 0042 DD77     		strb	r5, [r3, #31]
 181:Drivers/STM32G0xx_HAL_Driver/Src/stm32g0xx_hal_dma_ex.c **** 
 225              		.loc 1 181 5 is_stmt 1 view .LVU74
 183:Drivers/STM32G0xx_HAL_Driver/Src/stm32g0xx_hal_dma_ex.c ****   }
ARM GAS  /tmp/ccqW2qpJ.s 			page 9


 226              		.loc 1 183 5 view .LVU75
 183:Drivers/STM32G0xx_HAL_Driver/Src/stm32g0xx_hal_dma_ex.c ****   }
 227              		.loc 1 183 12 is_stmt 0 view .LVU76
 228 0044 E6E7     		b	.L7
 229              	.LVL16:
 230              	.L8:
 188:Drivers/STM32G0xx_HAL_Driver/Src/stm32g0xx_hal_dma_ex.c **** 
 231              		.loc 1 188 5 is_stmt 1 view .LVU77
 188:Drivers/STM32G0xx_HAL_Driver/Src/stm32g0xx_hal_dma_ex.c **** 
 232              		.loc 1 188 21 is_stmt 0 view .LVU78
 233 0046 8023     		movs	r3, #128
 234              	.LVL17:
 188:Drivers/STM32G0xx_HAL_Driver/Src/stm32g0xx_hal_dma_ex.c **** 
 235              		.loc 1 188 21 view .LVU79
 236 0048 E2E7     		b	.L11
 237              		.cfi_endproc
 238              	.LFE421:
 240              		.section	.text.HAL_DMAEx_EnableMuxRequestGenerator,"ax",%progbits
 241              		.align	1
 242              		.global	HAL_DMAEx_EnableMuxRequestGenerator
 243              		.syntax unified
 244              		.code	16
 245              		.thumb_func
 247              	HAL_DMAEx_EnableMuxRequestGenerator:
 248              	.LVL18:
 249              	.LFB422:
 196:Drivers/STM32G0xx_HAL_Driver/Src/stm32g0xx_hal_dma_ex.c **** 
 197:Drivers/STM32G0xx_HAL_Driver/Src/stm32g0xx_hal_dma_ex.c **** /**
 198:Drivers/STM32G0xx_HAL_Driver/Src/stm32g0xx_hal_dma_ex.c ****   * @brief Enable the DMAMUX request generator block used by the given DMA channel (instance).
 199:Drivers/STM32G0xx_HAL_Driver/Src/stm32g0xx_hal_dma_ex.c ****   * @param hdma Pointer to a DMA_HandleTypeDef structure that contains
 200:Drivers/STM32G0xx_HAL_Driver/Src/stm32g0xx_hal_dma_ex.c ****   *             the configuration information for the specified DMA channel.
 201:Drivers/STM32G0xx_HAL_Driver/Src/stm32g0xx_hal_dma_ex.c ****   * @retval HAL status
 202:Drivers/STM32G0xx_HAL_Driver/Src/stm32g0xx_hal_dma_ex.c ****   */
 203:Drivers/STM32G0xx_HAL_Driver/Src/stm32g0xx_hal_dma_ex.c **** HAL_StatusTypeDef HAL_DMAEx_EnableMuxRequestGenerator(DMA_HandleTypeDef *hdma)
 204:Drivers/STM32G0xx_HAL_Driver/Src/stm32g0xx_hal_dma_ex.c **** {
 250              		.loc 1 204 1 is_stmt 1 view -0
 251              		.cfi_startproc
 252              		@ args = 0, pretend = 0, frame = 0
 253              		@ frame_needed = 0, uses_anonymous_args = 0
 254              		@ link register save eliminated.
 205:Drivers/STM32G0xx_HAL_Driver/Src/stm32g0xx_hal_dma_ex.c ****   /* Check the parameters */
 206:Drivers/STM32G0xx_HAL_Driver/Src/stm32g0xx_hal_dma_ex.c ****   assert_param(IS_DMA_ALL_INSTANCE(hdma->Instance));
 255              		.loc 1 206 3 view .LVU81
 207:Drivers/STM32G0xx_HAL_Driver/Src/stm32g0xx_hal_dma_ex.c **** 
 208:Drivers/STM32G0xx_HAL_Driver/Src/stm32g0xx_hal_dma_ex.c ****   /* check if the DMA state is ready
 209:Drivers/STM32G0xx_HAL_Driver/Src/stm32g0xx_hal_dma_ex.c ****      and DMA is using a DMAMUX request generator block
 210:Drivers/STM32G0xx_HAL_Driver/Src/stm32g0xx_hal_dma_ex.c ****   */
 211:Drivers/STM32G0xx_HAL_Driver/Src/stm32g0xx_hal_dma_ex.c ****   if ((hdma->State != HAL_DMA_STATE_RESET) && (hdma->DMAmuxRequestGen != 0))
 256              		.loc 1 211 3 view .LVU82
 257              		.loc 1 211 12 is_stmt 0 view .LVU83
 258 0000 821D     		adds	r2, r0, #6
 259 0002 D27F     		ldrb	r2, [r2, #31]
 204:Drivers/STM32G0xx_HAL_Driver/Src/stm32g0xx_hal_dma_ex.c ****   /* Check the parameters */
 260              		.loc 1 204 1 view .LVU84
 261 0004 0300     		movs	r3, r0
 212:Drivers/STM32G0xx_HAL_Driver/Src/stm32g0xx_hal_dma_ex.c ****   {
 213:Drivers/STM32G0xx_HAL_Driver/Src/stm32g0xx_hal_dma_ex.c **** 
ARM GAS  /tmp/ccqW2qpJ.s 			page 10


 214:Drivers/STM32G0xx_HAL_Driver/Src/stm32g0xx_hal_dma_ex.c ****     /* Enable the request generator*/
 215:Drivers/STM32G0xx_HAL_Driver/Src/stm32g0xx_hal_dma_ex.c ****     hdma->DMAmuxRequestGen->RGCR |= DMAMUX_RGxCR_GE;
 216:Drivers/STM32G0xx_HAL_Driver/Src/stm32g0xx_hal_dma_ex.c **** 
 217:Drivers/STM32G0xx_HAL_Driver/Src/stm32g0xx_hal_dma_ex.c ****     return HAL_OK;
 218:Drivers/STM32G0xx_HAL_Driver/Src/stm32g0xx_hal_dma_ex.c ****   }
 219:Drivers/STM32G0xx_HAL_Driver/Src/stm32g0xx_hal_dma_ex.c ****   else
 220:Drivers/STM32G0xx_HAL_Driver/Src/stm32g0xx_hal_dma_ex.c ****   {
 221:Drivers/STM32G0xx_HAL_Driver/Src/stm32g0xx_hal_dma_ex.c ****     return HAL_ERROR;
 262              		.loc 1 221 12 view .LVU85
 263 0006 0120     		movs	r0, #1
 264              	.LVL19:
 211:Drivers/STM32G0xx_HAL_Driver/Src/stm32g0xx_hal_dma_ex.c ****   {
 265              		.loc 1 211 6 view .LVU86
 266 0008 002A     		cmp	r2, #0
 267 000a 08D0     		beq	.L13
 211:Drivers/STM32G0xx_HAL_Driver/Src/stm32g0xx_hal_dma_ex.c ****   {
 268              		.loc 1 211 52 discriminator 1 view .LVU87
 269 000c 1B6D     		ldr	r3, [r3, #80]
 270              	.LVL20:
 211:Drivers/STM32G0xx_HAL_Driver/Src/stm32g0xx_hal_dma_ex.c ****   {
 271              		.loc 1 211 44 discriminator 1 view .LVU88
 272 000e 002B     		cmp	r3, #0
 273 0010 05D0     		beq	.L13
 215:Drivers/STM32G0xx_HAL_Driver/Src/stm32g0xx_hal_dma_ex.c **** 
 274              		.loc 1 215 5 is_stmt 1 view .LVU89
 215:Drivers/STM32G0xx_HAL_Driver/Src/stm32g0xx_hal_dma_ex.c **** 
 275              		.loc 1 215 34 is_stmt 0 view .LVU90
 276 0012 8022     		movs	r2, #128
 217:Drivers/STM32G0xx_HAL_Driver/Src/stm32g0xx_hal_dma_ex.c ****   }
 277              		.loc 1 217 12 view .LVU91
 278 0014 0020     		movs	r0, #0
 215:Drivers/STM32G0xx_HAL_Driver/Src/stm32g0xx_hal_dma_ex.c **** 
 279              		.loc 1 215 27 view .LVU92
 280 0016 1968     		ldr	r1, [r3]
 215:Drivers/STM32G0xx_HAL_Driver/Src/stm32g0xx_hal_dma_ex.c **** 
 281              		.loc 1 215 34 view .LVU93
 282 0018 5202     		lsls	r2, r2, #9
 283 001a 0A43     		orrs	r2, r1
 284 001c 1A60     		str	r2, [r3]
 217:Drivers/STM32G0xx_HAL_Driver/Src/stm32g0xx_hal_dma_ex.c ****   }
 285              		.loc 1 217 5 is_stmt 1 view .LVU94
 286              	.L13:
 222:Drivers/STM32G0xx_HAL_Driver/Src/stm32g0xx_hal_dma_ex.c ****   }
 223:Drivers/STM32G0xx_HAL_Driver/Src/stm32g0xx_hal_dma_ex.c **** }
 287              		.loc 1 223 1 is_stmt 0 view .LVU95
 288              		@ sp needed
 289 001e 7047     		bx	lr
 290              		.cfi_endproc
 291              	.LFE422:
 293              		.section	.text.HAL_DMAEx_DisableMuxRequestGenerator,"ax",%progbits
 294              		.align	1
 295              		.global	HAL_DMAEx_DisableMuxRequestGenerator
 296              		.syntax unified
 297              		.code	16
 298              		.thumb_func
 300              	HAL_DMAEx_DisableMuxRequestGenerator:
 301              	.LVL21:
ARM GAS  /tmp/ccqW2qpJ.s 			page 11


 302              	.LFB423:
 224:Drivers/STM32G0xx_HAL_Driver/Src/stm32g0xx_hal_dma_ex.c **** 
 225:Drivers/STM32G0xx_HAL_Driver/Src/stm32g0xx_hal_dma_ex.c **** /**
 226:Drivers/STM32G0xx_HAL_Driver/Src/stm32g0xx_hal_dma_ex.c ****   * @brief Disable the DMAMUX request generator block used by the given DMA channel (instance).
 227:Drivers/STM32G0xx_HAL_Driver/Src/stm32g0xx_hal_dma_ex.c ****   * @param hdma Pointer to a DMA_HandleTypeDef structure that contains
 228:Drivers/STM32G0xx_HAL_Driver/Src/stm32g0xx_hal_dma_ex.c ****   *             the configuration information for the specified DMA channel.
 229:Drivers/STM32G0xx_HAL_Driver/Src/stm32g0xx_hal_dma_ex.c ****   * @retval HAL status
 230:Drivers/STM32G0xx_HAL_Driver/Src/stm32g0xx_hal_dma_ex.c ****   */
 231:Drivers/STM32G0xx_HAL_Driver/Src/stm32g0xx_hal_dma_ex.c **** HAL_StatusTypeDef HAL_DMAEx_DisableMuxRequestGenerator(DMA_HandleTypeDef *hdma)
 232:Drivers/STM32G0xx_HAL_Driver/Src/stm32g0xx_hal_dma_ex.c **** {
 303              		.loc 1 232 1 is_stmt 1 view -0
 304              		.cfi_startproc
 305              		@ args = 0, pretend = 0, frame = 0
 306              		@ frame_needed = 0, uses_anonymous_args = 0
 307              		@ link register save eliminated.
 233:Drivers/STM32G0xx_HAL_Driver/Src/stm32g0xx_hal_dma_ex.c ****   /* Check the parameters */
 234:Drivers/STM32G0xx_HAL_Driver/Src/stm32g0xx_hal_dma_ex.c ****   assert_param(IS_DMA_ALL_INSTANCE(hdma->Instance));
 308              		.loc 1 234 3 view .LVU97
 235:Drivers/STM32G0xx_HAL_Driver/Src/stm32g0xx_hal_dma_ex.c **** 
 236:Drivers/STM32G0xx_HAL_Driver/Src/stm32g0xx_hal_dma_ex.c ****   /* check if the DMA state is ready
 237:Drivers/STM32G0xx_HAL_Driver/Src/stm32g0xx_hal_dma_ex.c ****      and DMA is using a DMAMUX request generator block
 238:Drivers/STM32G0xx_HAL_Driver/Src/stm32g0xx_hal_dma_ex.c ****   */
 239:Drivers/STM32G0xx_HAL_Driver/Src/stm32g0xx_hal_dma_ex.c ****   if ((hdma->State != HAL_DMA_STATE_RESET) && (hdma->DMAmuxRequestGen != 0))
 309              		.loc 1 239 3 view .LVU98
 310              		.loc 1 239 12 is_stmt 0 view .LVU99
 311 0000 821D     		adds	r2, r0, #6
 312 0002 D27F     		ldrb	r2, [r2, #31]
 232:Drivers/STM32G0xx_HAL_Driver/Src/stm32g0xx_hal_dma_ex.c ****   /* Check the parameters */
 313              		.loc 1 232 1 view .LVU100
 314 0004 0300     		movs	r3, r0
 240:Drivers/STM32G0xx_HAL_Driver/Src/stm32g0xx_hal_dma_ex.c ****   {
 241:Drivers/STM32G0xx_HAL_Driver/Src/stm32g0xx_hal_dma_ex.c **** 
 242:Drivers/STM32G0xx_HAL_Driver/Src/stm32g0xx_hal_dma_ex.c ****     /* Disable the request generator*/
 243:Drivers/STM32G0xx_HAL_Driver/Src/stm32g0xx_hal_dma_ex.c ****     hdma->DMAmuxRequestGen->RGCR &= ~DMAMUX_RGxCR_GE;
 244:Drivers/STM32G0xx_HAL_Driver/Src/stm32g0xx_hal_dma_ex.c **** 
 245:Drivers/STM32G0xx_HAL_Driver/Src/stm32g0xx_hal_dma_ex.c ****     return HAL_OK;
 246:Drivers/STM32G0xx_HAL_Driver/Src/stm32g0xx_hal_dma_ex.c ****   }
 247:Drivers/STM32G0xx_HAL_Driver/Src/stm32g0xx_hal_dma_ex.c ****   else
 248:Drivers/STM32G0xx_HAL_Driver/Src/stm32g0xx_hal_dma_ex.c ****   {
 249:Drivers/STM32G0xx_HAL_Driver/Src/stm32g0xx_hal_dma_ex.c ****     return HAL_ERROR;
 315              		.loc 1 249 12 view .LVU101
 316 0006 0120     		movs	r0, #1
 317              	.LVL22:
 239:Drivers/STM32G0xx_HAL_Driver/Src/stm32g0xx_hal_dma_ex.c ****   {
 318              		.loc 1 239 6 view .LVU102
 319 0008 002A     		cmp	r2, #0
 320 000a 07D0     		beq	.L17
 239:Drivers/STM32G0xx_HAL_Driver/Src/stm32g0xx_hal_dma_ex.c ****   {
 321              		.loc 1 239 52 discriminator 1 view .LVU103
 322 000c 1B6D     		ldr	r3, [r3, #80]
 323              	.LVL23:
 239:Drivers/STM32G0xx_HAL_Driver/Src/stm32g0xx_hal_dma_ex.c ****   {
 324              		.loc 1 239 44 discriminator 1 view .LVU104
 325 000e 002B     		cmp	r3, #0
 326 0010 04D0     		beq	.L17
 243:Drivers/STM32G0xx_HAL_Driver/Src/stm32g0xx_hal_dma_ex.c **** 
 327              		.loc 1 243 5 is_stmt 1 view .LVU105
ARM GAS  /tmp/ccqW2qpJ.s 			page 12


 245:Drivers/STM32G0xx_HAL_Driver/Src/stm32g0xx_hal_dma_ex.c ****   }
 328              		.loc 1 245 12 is_stmt 0 view .LVU106
 329 0012 0020     		movs	r0, #0
 243:Drivers/STM32G0xx_HAL_Driver/Src/stm32g0xx_hal_dma_ex.c **** 
 330              		.loc 1 243 27 view .LVU107
 331 0014 1A68     		ldr	r2, [r3]
 243:Drivers/STM32G0xx_HAL_Driver/Src/stm32g0xx_hal_dma_ex.c **** 
 332              		.loc 1 243 34 view .LVU108
 333 0016 0249     		ldr	r1, .L20
 334 0018 0A40     		ands	r2, r1
 335 001a 1A60     		str	r2, [r3]
 245:Drivers/STM32G0xx_HAL_Driver/Src/stm32g0xx_hal_dma_ex.c ****   }
 336              		.loc 1 245 5 is_stmt 1 view .LVU109
 337              	.L17:
 250:Drivers/STM32G0xx_HAL_Driver/Src/stm32g0xx_hal_dma_ex.c ****   }
 251:Drivers/STM32G0xx_HAL_Driver/Src/stm32g0xx_hal_dma_ex.c **** }
 338              		.loc 1 251 1 is_stmt 0 view .LVU110
 339              		@ sp needed
 340 001c 7047     		bx	lr
 341              	.L21:
 342 001e C046     		.align	2
 343              	.L20:
 344 0020 FFFFFEFF 		.word	-65537
 345              		.cfi_endproc
 346              	.LFE423:
 348              		.section	.text.HAL_DMAEx_MUX_IRQHandler,"ax",%progbits
 349              		.align	1
 350              		.global	HAL_DMAEx_MUX_IRQHandler
 351              		.syntax unified
 352              		.code	16
 353              		.thumb_func
 355              	HAL_DMAEx_MUX_IRQHandler:
 356              	.LVL24:
 357              	.LFB424:
 252:Drivers/STM32G0xx_HAL_Driver/Src/stm32g0xx_hal_dma_ex.c **** 
 253:Drivers/STM32G0xx_HAL_Driver/Src/stm32g0xx_hal_dma_ex.c **** /**
 254:Drivers/STM32G0xx_HAL_Driver/Src/stm32g0xx_hal_dma_ex.c ****   * @brief Handles DMAMUX interrupt request.
 255:Drivers/STM32G0xx_HAL_Driver/Src/stm32g0xx_hal_dma_ex.c ****   * @param hdma Pointer to a DMA_HandleTypeDef structure that contains
 256:Drivers/STM32G0xx_HAL_Driver/Src/stm32g0xx_hal_dma_ex.c ****   *             the configuration information for the specified DMA channel.
 257:Drivers/STM32G0xx_HAL_Driver/Src/stm32g0xx_hal_dma_ex.c ****   * @retval None
 258:Drivers/STM32G0xx_HAL_Driver/Src/stm32g0xx_hal_dma_ex.c ****   */
 259:Drivers/STM32G0xx_HAL_Driver/Src/stm32g0xx_hal_dma_ex.c **** void HAL_DMAEx_MUX_IRQHandler(DMA_HandleTypeDef *hdma)
 260:Drivers/STM32G0xx_HAL_Driver/Src/stm32g0xx_hal_dma_ex.c **** {
 358              		.loc 1 260 1 is_stmt 1 view -0
 359              		.cfi_startproc
 360              		@ args = 0, pretend = 0, frame = 0
 361              		@ frame_needed = 0, uses_anonymous_args = 0
 261:Drivers/STM32G0xx_HAL_Driver/Src/stm32g0xx_hal_dma_ex.c ****   /* Check for DMAMUX Synchronization overrun */
 262:Drivers/STM32G0xx_HAL_Driver/Src/stm32g0xx_hal_dma_ex.c ****   if ((hdma->DMAmuxChannelStatus->CSR & hdma->DMAmuxChannelStatusMask) != 0U)
 362              		.loc 1 262 3 view .LVU112
 363              		.loc 1 262 12 is_stmt 0 view .LVU113
 364 0000 826C     		ldr	r2, [r0, #72]
 365              		.loc 1 262 45 view .LVU114
 366 0002 C16C     		ldr	r1, [r0, #76]
 367              		.loc 1 262 33 view .LVU115
 368 0004 1368     		ldr	r3, [r2]
 260:Drivers/STM32G0xx_HAL_Driver/Src/stm32g0xx_hal_dma_ex.c ****   /* Check for DMAMUX Synchronization overrun */
ARM GAS  /tmp/ccqW2qpJ.s 			page 13


 369              		.loc 1 260 1 view .LVU116
 370 0006 70B5     		push	{r4, r5, r6, lr}
 371              	.LCFI2:
 372              		.cfi_def_cfa_offset 16
 373              		.cfi_offset 4, -16
 374              		.cfi_offset 5, -12
 375              		.cfi_offset 6, -8
 376              		.cfi_offset 14, -4
 260:Drivers/STM32G0xx_HAL_Driver/Src/stm32g0xx_hal_dma_ex.c ****   /* Check for DMAMUX Synchronization overrun */
 377              		.loc 1 260 1 view .LVU117
 378 0008 0400     		movs	r4, r0
 379              		.loc 1 262 6 view .LVU118
 380 000a 1942     		tst	r1, r3
 381 000c 0FD0     		beq	.L24
 263:Drivers/STM32G0xx_HAL_Driver/Src/stm32g0xx_hal_dma_ex.c ****   {
 264:Drivers/STM32G0xx_HAL_Driver/Src/stm32g0xx_hal_dma_ex.c ****     /* Disable the synchro overrun interrupt */
 265:Drivers/STM32G0xx_HAL_Driver/Src/stm32g0xx_hal_dma_ex.c ****     hdma->DMAmuxChannel->CCR &= ~DMAMUX_CxCR_SOIE;
 382              		.loc 1 265 5 is_stmt 1 view .LVU119
 383              		.loc 1 265 9 is_stmt 0 view .LVU120
 384 000e 406C     		ldr	r0, [r0, #68]
 385              	.LVL25:
 386              		.loc 1 265 30 view .LVU121
 387 0010 134D     		ldr	r5, .L38
 388              		.loc 1 265 24 view .LVU122
 389 0012 0368     		ldr	r3, [r0]
 390              		.loc 1 265 30 view .LVU123
 391 0014 2B40     		ands	r3, r5
 392 0016 0360     		str	r3, [r0]
 266:Drivers/STM32G0xx_HAL_Driver/Src/stm32g0xx_hal_dma_ex.c **** 
 267:Drivers/STM32G0xx_HAL_Driver/Src/stm32g0xx_hal_dma_ex.c ****     /* Clear the DMAMUX synchro overrun flag */
 268:Drivers/STM32G0xx_HAL_Driver/Src/stm32g0xx_hal_dma_ex.c ****     hdma->DMAmuxChannelStatus->CFR = hdma->DMAmuxChannelStatusMask;
 393              		.loc 1 268 5 is_stmt 1 view .LVU124
 269:Drivers/STM32G0xx_HAL_Driver/Src/stm32g0xx_hal_dma_ex.c **** 
 270:Drivers/STM32G0xx_HAL_Driver/Src/stm32g0xx_hal_dma_ex.c ****     /* Update error code */
 271:Drivers/STM32G0xx_HAL_Driver/Src/stm32g0xx_hal_dma_ex.c ****     hdma->ErrorCode |= HAL_DMA_ERROR_SYNC;
 394              		.loc 1 271 21 is_stmt 0 view .LVU125
 395 0018 8023     		movs	r3, #128
 268:Drivers/STM32G0xx_HAL_Driver/Src/stm32g0xx_hal_dma_ex.c **** 
 396              		.loc 1 268 36 view .LVU126
 397 001a 5160     		str	r1, [r2, #4]
 398              		.loc 1 271 5 is_stmt 1 view .LVU127
 399              		.loc 1 271 9 is_stmt 0 view .LVU128
 400 001c E26B     		ldr	r2, [r4, #60]
 401              		.loc 1 271 21 view .LVU129
 402 001e 9B00     		lsls	r3, r3, #2
 403 0020 1343     		orrs	r3, r2
 404 0022 E363     		str	r3, [r4, #60]
 272:Drivers/STM32G0xx_HAL_Driver/Src/stm32g0xx_hal_dma_ex.c **** 
 273:Drivers/STM32G0xx_HAL_Driver/Src/stm32g0xx_hal_dma_ex.c ****     if (hdma->XferErrorCallback != NULL)
 405              		.loc 1 273 5 is_stmt 1 view .LVU130
 406              		.loc 1 273 13 is_stmt 0 view .LVU131
 407 0024 636B     		ldr	r3, [r4, #52]
 408              		.loc 1 273 8 view .LVU132
 409 0026 002B     		cmp	r3, #0
 410 0028 01D0     		beq	.L24
 274:Drivers/STM32G0xx_HAL_Driver/Src/stm32g0xx_hal_dma_ex.c ****     {
 275:Drivers/STM32G0xx_HAL_Driver/Src/stm32g0xx_hal_dma_ex.c ****       /* Transfer error callback */
ARM GAS  /tmp/ccqW2qpJ.s 			page 14


 276:Drivers/STM32G0xx_HAL_Driver/Src/stm32g0xx_hal_dma_ex.c ****       hdma->XferErrorCallback(hdma);
 411              		.loc 1 276 7 is_stmt 1 view .LVU133
 412 002a 2000     		movs	r0, r4
 413 002c 9847     		blx	r3
 414              	.LVL26:
 415              	.L24:
 277:Drivers/STM32G0xx_HAL_Driver/Src/stm32g0xx_hal_dma_ex.c ****     }
 278:Drivers/STM32G0xx_HAL_Driver/Src/stm32g0xx_hal_dma_ex.c ****   }
 279:Drivers/STM32G0xx_HAL_Driver/Src/stm32g0xx_hal_dma_ex.c **** 
 280:Drivers/STM32G0xx_HAL_Driver/Src/stm32g0xx_hal_dma_ex.c ****   if (hdma->DMAmuxRequestGen != 0)
 416              		.loc 1 280 3 view .LVU134
 417              		.loc 1 280 11 is_stmt 0 view .LVU135
 418 002e 236D     		ldr	r3, [r4, #80]
 419              		.loc 1 280 6 view .LVU136
 420 0030 002B     		cmp	r3, #0
 421 0032 13D0     		beq	.L22
 281:Drivers/STM32G0xx_HAL_Driver/Src/stm32g0xx_hal_dma_ex.c ****   {
 282:Drivers/STM32G0xx_HAL_Driver/Src/stm32g0xx_hal_dma_ex.c ****     /* if using a DMAMUX request generator block Check for DMAMUX request generator overrun */
 283:Drivers/STM32G0xx_HAL_Driver/Src/stm32g0xx_hal_dma_ex.c ****     if ((hdma->DMAmuxRequestGenStatus->RGSR & hdma->DMAmuxRequestGenStatusMask) != 0U)
 422              		.loc 1 283 5 is_stmt 1 view .LVU137
 423              		.loc 1 283 14 is_stmt 0 view .LVU138
 424 0034 616D     		ldr	r1, [r4, #84]
 425              		.loc 1 283 51 view .LVU139
 426 0036 A06D     		ldr	r0, [r4, #88]
 427              		.loc 1 283 38 view .LVU140
 428 0038 0A68     		ldr	r2, [r1]
 429              		.loc 1 283 8 view .LVU141
 430 003a 1042     		tst	r0, r2
 431 003c 0ED0     		beq	.L22
 284:Drivers/STM32G0xx_HAL_Driver/Src/stm32g0xx_hal_dma_ex.c ****     {
 285:Drivers/STM32G0xx_HAL_Driver/Src/stm32g0xx_hal_dma_ex.c ****       /* Disable the request gen overrun interrupt */
 286:Drivers/STM32G0xx_HAL_Driver/Src/stm32g0xx_hal_dma_ex.c ****       hdma->DMAmuxRequestGen->RGCR &= ~DMAMUX_RGxCR_OIE;
 432              		.loc 1 286 7 is_stmt 1 view .LVU142
 433              		.loc 1 286 29 is_stmt 0 view .LVU143
 434 003e 1A68     		ldr	r2, [r3]
 435              		.loc 1 286 36 view .LVU144
 436 0040 074D     		ldr	r5, .L38
 437 0042 2A40     		ands	r2, r5
 438 0044 1A60     		str	r2, [r3]
 287:Drivers/STM32G0xx_HAL_Driver/Src/stm32g0xx_hal_dma_ex.c **** 
 288:Drivers/STM32G0xx_HAL_Driver/Src/stm32g0xx_hal_dma_ex.c ****       /* Clear the DMAMUX request generator overrun flag */
 289:Drivers/STM32G0xx_HAL_Driver/Src/stm32g0xx_hal_dma_ex.c ****       hdma->DMAmuxRequestGenStatus->RGCFR = hdma->DMAmuxRequestGenStatusMask;
 439              		.loc 1 289 7 is_stmt 1 view .LVU145
 290:Drivers/STM32G0xx_HAL_Driver/Src/stm32g0xx_hal_dma_ex.c **** 
 291:Drivers/STM32G0xx_HAL_Driver/Src/stm32g0xx_hal_dma_ex.c ****       /* Update error code */
 292:Drivers/STM32G0xx_HAL_Driver/Src/stm32g0xx_hal_dma_ex.c ****       hdma->ErrorCode |= HAL_DMA_ERROR_REQGEN;
 440              		.loc 1 292 23 is_stmt 0 view .LVU146
 441 0046 8023     		movs	r3, #128
 289:Drivers/STM32G0xx_HAL_Driver/Src/stm32g0xx_hal_dma_ex.c **** 
 442              		.loc 1 289 43 view .LVU147
 443 0048 4860     		str	r0, [r1, #4]
 444              		.loc 1 292 7 is_stmt 1 view .LVU148
 445              		.loc 1 292 11 is_stmt 0 view .LVU149
 446 004a E26B     		ldr	r2, [r4, #60]
 447              		.loc 1 292 23 view .LVU150
 448 004c DB00     		lsls	r3, r3, #3
 449 004e 1343     		orrs	r3, r2
ARM GAS  /tmp/ccqW2qpJ.s 			page 15


 450 0050 E363     		str	r3, [r4, #60]
 293:Drivers/STM32G0xx_HAL_Driver/Src/stm32g0xx_hal_dma_ex.c **** 
 294:Drivers/STM32G0xx_HAL_Driver/Src/stm32g0xx_hal_dma_ex.c ****       if (hdma->XferErrorCallback != NULL)
 451              		.loc 1 294 7 is_stmt 1 view .LVU151
 452              		.loc 1 294 15 is_stmt 0 view .LVU152
 453 0052 636B     		ldr	r3, [r4, #52]
 454              		.loc 1 294 10 view .LVU153
 455 0054 002B     		cmp	r3, #0
 456 0056 01D0     		beq	.L22
 295:Drivers/STM32G0xx_HAL_Driver/Src/stm32g0xx_hal_dma_ex.c ****       {
 296:Drivers/STM32G0xx_HAL_Driver/Src/stm32g0xx_hal_dma_ex.c ****         /* Transfer error callback */
 297:Drivers/STM32G0xx_HAL_Driver/Src/stm32g0xx_hal_dma_ex.c ****         hdma->XferErrorCallback(hdma);
 457              		.loc 1 297 9 is_stmt 1 view .LVU154
 458 0058 2000     		movs	r0, r4
 459 005a 9847     		blx	r3
 460              	.LVL27:
 461              	.L22:
 298:Drivers/STM32G0xx_HAL_Driver/Src/stm32g0xx_hal_dma_ex.c ****       }
 299:Drivers/STM32G0xx_HAL_Driver/Src/stm32g0xx_hal_dma_ex.c ****     }
 300:Drivers/STM32G0xx_HAL_Driver/Src/stm32g0xx_hal_dma_ex.c ****   }
 301:Drivers/STM32G0xx_HAL_Driver/Src/stm32g0xx_hal_dma_ex.c **** }
 462              		.loc 1 301 1 is_stmt 0 view .LVU155
 463              		@ sp needed
 464              	.LVL28:
 465              		.loc 1 301 1 view .LVU156
 466 005c 70BD     		pop	{r4, r5, r6, pc}
 467              	.L39:
 468 005e C046     		.align	2
 469              	.L38:
 470 0060 FFFEFFFF 		.word	-257
 471              		.cfi_endproc
 472              	.LFE424:
 474              		.text
 475              	.Letext0:
 476              		.file 2 "/usr/arm-none-eabi/include/machine/_default_types.h"
 477              		.file 3 "/usr/arm-none-eabi/include/sys/_stdint.h"
 478              		.file 4 "Drivers/CMSIS/Device/ST/STM32G0xx/Include/stm32g030xx.h"
 479              		.file 5 "Drivers/CMSIS/Device/ST/STM32G0xx/Include/stm32g0xx.h"
 480              		.file 6 "Drivers/STM32G0xx_HAL_Driver/Inc/stm32g0xx_hal_def.h"
 481              		.file 7 "Drivers/STM32G0xx_HAL_Driver/Inc/stm32g0xx_hal_dma.h"
 482              		.file 8 "Drivers/STM32G0xx_HAL_Driver/Inc/stm32g0xx_hal_dma_ex.h"
 483              		.file 9 "Drivers/STM32G0xx_HAL_Driver/Inc/stm32g0xx_ll_dma.h"
ARM GAS  /tmp/ccqW2qpJ.s 			page 16


DEFINED SYMBOLS
                            *ABS*:00000000 stm32g0xx_hal_dma_ex.c
     /tmp/ccqW2qpJ.s:19     .text.HAL_DMAEx_ConfigMuxSync:00000000 $t
     /tmp/ccqW2qpJ.s:25     .text.HAL_DMAEx_ConfigMuxSync:00000000 HAL_DMAEx_ConfigMuxSync
     /tmp/ccqW2qpJ.s:118    .text.HAL_DMAEx_ConfigMuxRequestGenerator:00000000 $t
     /tmp/ccqW2qpJ.s:124    .text.HAL_DMAEx_ConfigMuxRequestGenerator:00000000 HAL_DMAEx_ConfigMuxRequestGenerator
     /tmp/ccqW2qpJ.s:241    .text.HAL_DMAEx_EnableMuxRequestGenerator:00000000 $t
     /tmp/ccqW2qpJ.s:247    .text.HAL_DMAEx_EnableMuxRequestGenerator:00000000 HAL_DMAEx_EnableMuxRequestGenerator
     /tmp/ccqW2qpJ.s:294    .text.HAL_DMAEx_DisableMuxRequestGenerator:00000000 $t
     /tmp/ccqW2qpJ.s:300    .text.HAL_DMAEx_DisableMuxRequestGenerator:00000000 HAL_DMAEx_DisableMuxRequestGenerator
     /tmp/ccqW2qpJ.s:344    .text.HAL_DMAEx_DisableMuxRequestGenerator:00000020 $d
     /tmp/ccqW2qpJ.s:349    .text.HAL_DMAEx_MUX_IRQHandler:00000000 $t
     /tmp/ccqW2qpJ.s:355    .text.HAL_DMAEx_MUX_IRQHandler:00000000 HAL_DMAEx_MUX_IRQHandler
     /tmp/ccqW2qpJ.s:470    .text.HAL_DMAEx_MUX_IRQHandler:00000060 $d

NO UNDEFINED SYMBOLS
