The target system is: Generic - 1 - 
The host system is: Linux - 6.2.11-arch1-1 - x86_64
Compiling the C compiler identification source file "CMakeCCompilerId.c" succeeded.
Compiler: /usr/bin/arm-none-eabi-gcc 
Build flags: 
Id flags: -c 

The output was:
0


Compilation of the C compiler identification source "CMakeCCompilerId.c" produced "CMakeCCompilerId.o"

The C compiler identification is GNU, found in "/home/timicasto/Projects/HeartRateMonitor/Firmware/HeartRateMonitor/cmake-build-debug-arm/CMakeFiles/3.25.2/CompilerIdC/CMakeCCompilerId.o"

Compiling the CXX compiler identification source file "CMakeCXXCompilerId.cpp" succeeded.
Compiler: /usr/bin/arm-none-eabi-g++ 
Build flags: 
Id flags: -c 

The output was:
0


Compilation of the CXX compiler identification source "CMakeCXXCompilerId.cpp" produced "CMakeCXXCompilerId.o"

The CXX compiler identification is GNU, found in "/home/timicasto/Projects/HeartRateMonitor/Firmware/HeartRateMonitor/cmake-build-debug-arm/CMakeFiles/3.25.2/CompilerIdCXX/CMakeCXXCompilerId.o"

Checking whether the ASM compiler is GNU using "--version" matched "(GNU assembler)|(GCC)|(Free Software Foundation)":
arm-none-eabi-gcc (Arch Repository) 12.2.0
Copyright (C) 2022 Free Software Foundation, Inc.
This is free software; see the source for copying conditions.  There is NO
warranty; not even for MERCHANTABILITY or FITNESS FOR A PARTICULAR PURPOSE.

Detecting C compiler ABI info compiled with the following output:
Change Dir: /home/timicasto/Projects/HeartRateMonitor/Firmware/HeartRateMonitor/cmake-build-debug-arm/CMakeFiles/CMakeScratch/TryCompile-MKLLIt

Run Build Command(s):/usr/bin/ninja cmTC_5b62e && [1/2] Building C object CMakeFiles/cmTC_5b62e.dir/CMakeCCompilerABI.c.obj
Using built-in specs.
COLLECT_GCC=/usr/bin/arm-none-eabi-gcc
Target: arm-none-eabi
Configured with: /build/arm-none-eabi-gcc/src/gcc-12.2.0/configure --target=arm-none-eabi --prefix=/usr --with-sysroot=/usr/arm-none-eabi --with-native-system-header-dir=/include --libexecdir=/usr/lib --enable-languages=c,c++ --enable-plugins --disable-decimal-float --disable-libffi --disable-libgomp --disable-libmudflap --disable-libquadmath --disable-libssp --disable-libstdcxx-pch --disable-nls --disable-shared --disable-threads --disable-tls --with-gnu-as --with-gnu-ld --with-system-zlib --with-newlib --with-headers=/usr/arm-none-eabi/include --with-python-dir=share/gcc-arm-none-eabi --with-gmp --with-mpfr --with-mpc --with-isl --with-libelf --enable-gnu-indirect-function --with-host-libstdcxx='-static-libgcc -Wl,-Bstatic,-lstdc++,-Bdynamic -lm' --with-pkgversion='Arch Repository' --with-bugurl=https://bugs.archlinux.org/ --with-multilib-list=rmprofile
Thread model: single
Supported LTO compression algorithms: zlib zstd
gcc version 12.2.0 (Arch Repository) 
COLLECT_GCC_OPTIONS='-fdiagnostics-color=always' '-v' '-o' 'CMakeFiles/cmTC_5b62e.dir/CMakeCCompilerABI.c.obj' '-c' '-mcpu=arm7tdmi' '-mfloat-abi=soft' '-marm' '-mlibarch=armv4t' '-march=armv4t' '-dumpdir' 'CMakeFiles/cmTC_5b62e.dir/'
 /usr/lib/gcc/arm-none-eabi/12.2.0/cc1 -quiet -v -D__USES_INITFINI__ /opt/clion/bin/cmake/linux/x64/share/cmake-3.25/Modules/CMakeCCompilerABI.c -quiet -dumpdir CMakeFiles/cmTC_5b62e.dir/ -dumpbase CMakeCCompilerABI.c.c -dumpbase-ext .c -mcpu=arm7tdmi -mfloat-abi=soft -marm -mlibarch=armv4t -march=armv4t -version -fdiagnostics-color=always -o /tmp/cc2y4iLd.s
GNU C17 (Arch Repository) version 12.2.0 (arm-none-eabi)
	compiled by GNU C version 12.1.1 20220730, GMP version 6.2.1, MPFR version 4.1.0-p13, MPC version 1.2.1, isl version isl-0.25-GMP

warning: MPFR header version 4.1.0-p13 differs from library version 4.2.0.
warning: MPC header version 1.2.1 differs from library version 1.3.1.
GGC heuristics: --param ggc-min-expand=100 --param ggc-min-heapsize=131072
ignoring nonexistent directory "/usr/arm-none-eabi/usr/local/include"
ignoring duplicate directory "/usr/arm-none-eabi/include"
#include "..." search starts here:
#include <...> search starts here:
 /usr/lib/gcc/arm-none-eabi/12.2.0/include
 /usr/lib/gcc/arm-none-eabi/12.2.0/include-fixed
 /usr/lib/gcc/arm-none-eabi/12.2.0/../../../../arm-none-eabi/include
End of search list.
GNU C17 (Arch Repository) version 12.2.0 (arm-none-eabi)
	compiled by GNU C version 12.1.1 20220730, GMP version 6.2.1, MPFR version 4.1.0-p13, MPC version 1.2.1, isl version isl-0.25-GMP

warning: MPFR header version 4.1.0-p13 differs from library version 4.2.0.
warning: MPC header version 1.2.1 differs from library version 1.3.1.
GGC heuristics: --param ggc-min-expand=100 --param ggc-min-heapsize=131072
Compiler executable checksum: d707667ead19e421f781400722da8262
COLLECT_GCC_OPTIONS='-fdiagnostics-color=always' '-v' '-o' 'CMakeFiles/cmTC_5b62e.dir/CMakeCCompilerABI.c.obj' '-c' '-mcpu=arm7tdmi' '-mfloat-abi=soft' '-marm' '-mlibarch=armv4t' '-march=armv4t' '-dumpdir' 'CMakeFiles/cmTC_5b62e.dir/'
 /usr/lib/gcc/arm-none-eabi/12.2.0/../../../../arm-none-eabi/bin/as -v -march=armv4t -mfloat-abi=soft -meabi=5 -o CMakeFiles/cmTC_5b62e.dir/CMakeCCompilerABI.c.obj /tmp/cc2y4iLd.s
GNU assembler version 2.39 (arm-none-eabi) using BFD version (GNU Binutils) 2.39
COMPILER_PATH=/usr/lib/gcc/arm-none-eabi/12.2.0/:/usr/lib/gcc/arm-none-eabi/12.2.0/:/usr/lib/gcc/arm-none-eabi/:/usr/lib/gcc/arm-none-eabi/12.2.0/:/usr/lib/gcc/arm-none-eabi/:/usr/lib/gcc/arm-none-eabi/12.2.0/../../../../arm-none-eabi/bin/
LIBRARY_PATH=/usr/lib/gcc/arm-none-eabi/12.2.0/:/usr/lib/gcc/arm-none-eabi/12.2.0/../../../../arm-none-eabi/lib/:/usr/arm-none-eabi/lib/
COLLECT_GCC_OPTIONS='-fdiagnostics-color=always' '-v' '-o' 'CMakeFiles/cmTC_5b62e.dir/CMakeCCompilerABI.c.obj' '-c' '-mcpu=arm7tdmi' '-mfloat-abi=soft' '-marm' '-mlibarch=armv4t' '-march=armv4t' '-dumpdir' 'CMakeFiles/cmTC_5b62e.dir/CMakeCCompilerABI.c.'
[2/2] Linking C static library libcmTC_5b62e.a



Parsed C implicit include dir info from above output: rv=done
  found start of include info
  found start of implicit include info
    add: [/usr/lib/gcc/arm-none-eabi/12.2.0/include]
    add: [/usr/lib/gcc/arm-none-eabi/12.2.0/include-fixed]
    add: [/usr/lib/gcc/arm-none-eabi/12.2.0/../../../../arm-none-eabi/include]
  end of search list found
  collapse include dir [/usr/lib/gcc/arm-none-eabi/12.2.0/include] ==> [/usr/lib/gcc/arm-none-eabi/12.2.0/include]
  collapse include dir [/usr/lib/gcc/arm-none-eabi/12.2.0/include-fixed] ==> [/usr/lib/gcc/arm-none-eabi/12.2.0/include-fixed]
  collapse include dir [/usr/lib/gcc/arm-none-eabi/12.2.0/../../../../arm-none-eabi/include] ==> [/usr/arm-none-eabi/include]
  implicit include dirs: [/usr/lib/gcc/arm-none-eabi/12.2.0/include;/usr/lib/gcc/arm-none-eabi/12.2.0/include-fixed;/usr/arm-none-eabi/include]


Parsed C implicit link information from above output:
  link line regex: [^( *|.*[/\])(arm-none-eabi-ld|CMAKE_LINK_STARTFILE-NOTFOUND|([^/\]+-)?ld|collect2)[^/\]*( |$)]
  ignore line: [Change Dir: /home/timicasto/Projects/HeartRateMonitor/Firmware/HeartRateMonitor/cmake-build-debug-arm/CMakeFiles/CMakeScratch/TryCompile-MKLLIt]
  ignore line: []
  ignore line: [Run Build Command(s):/usr/bin/ninja cmTC_5b62e && [1/2] Building C object CMakeFiles/cmTC_5b62e.dir/CMakeCCompilerABI.c.obj]
  ignore line: [Using built-in specs.]
  ignore line: [COLLECT_GCC=/usr/bin/arm-none-eabi-gcc]
  ignore line: [Target: arm-none-eabi]
  ignore line: [Configured with: /build/arm-none-eabi-gcc/src/gcc-12.2.0/configure --target=arm-none-eabi --prefix=/usr --with-sysroot=/usr/arm-none-eabi --with-native-system-header-dir=/include --libexecdir=/usr/lib --enable-languages=c,c++ --enable-plugins --disable-decimal-float --disable-libffi --disable-libgomp --disable-libmudflap --disable-libquadmath --disable-libssp --disable-libstdcxx-pch --disable-nls --disable-shared --disable-threads --disable-tls --with-gnu-as --with-gnu-ld --with-system-zlib --with-newlib --with-headers=/usr/arm-none-eabi/include --with-python-dir=share/gcc-arm-none-eabi --with-gmp --with-mpfr --with-mpc --with-isl --with-libelf --enable-gnu-indirect-function --with-host-libstdcxx='-static-libgcc -Wl,-Bstatic,-lstdc++,-Bdynamic -lm' --with-pkgversion='Arch Repository' --with-bugurl=https://bugs.archlinux.org/ --with-multilib-list=rmprofile]
  ignore line: [Thread model: single]
  ignore line: [Supported LTO compression algorithms: zlib zstd]
  ignore line: [gcc version 12.2.0 (Arch Repository) ]
  ignore line: [COLLECT_GCC_OPTIONS='-fdiagnostics-color=always' '-v' '-o' 'CMakeFiles/cmTC_5b62e.dir/CMakeCCompilerABI.c.obj' '-c' '-mcpu=arm7tdmi' '-mfloat-abi=soft' '-marm' '-mlibarch=armv4t' '-march=armv4t' '-dumpdir' 'CMakeFiles/cmTC_5b62e.dir/']
  ignore line: [ /usr/lib/gcc/arm-none-eabi/12.2.0/cc1 -quiet -v -D__USES_INITFINI__ /opt/clion/bin/cmake/linux/x64/share/cmake-3.25/Modules/CMakeCCompilerABI.c -quiet -dumpdir CMakeFiles/cmTC_5b62e.dir/ -dumpbase CMakeCCompilerABI.c.c -dumpbase-ext .c -mcpu=arm7tdmi -mfloat-abi=soft -marm -mlibarch=armv4t -march=armv4t -version -fdiagnostics-color=always -o /tmp/cc2y4iLd.s]
  ignore line: [GNU C17 (Arch Repository) version 12.2.0 (arm-none-eabi)]
  ignore line: [	compiled by GNU C version 12.1.1 20220730  GMP version 6.2.1  MPFR version 4.1.0-p13  MPC version 1.2.1  isl version isl-0.25-GMP]
  ignore line: []
  ignore line: [warning: MPFR header version 4.1.0-p13 differs from library version 4.2.0.]
  ignore line: [warning: MPC header version 1.2.1 differs from library version 1.3.1.]
  ignore line: [GGC heuristics: --param ggc-min-expand=100 --param ggc-min-heapsize=131072]
  ignore line: [ignoring nonexistent directory "/usr/arm-none-eabi/usr/local/include"]
  ignore line: [ignoring duplicate directory "/usr/arm-none-eabi/include"]
  ignore line: [#include "..." search starts here:]
  ignore line: [#include <...> search starts here:]
  ignore line: [ /usr/lib/gcc/arm-none-eabi/12.2.0/include]
  ignore line: [ /usr/lib/gcc/arm-none-eabi/12.2.0/include-fixed]
  ignore line: [ /usr/lib/gcc/arm-none-eabi/12.2.0/../../../../arm-none-eabi/include]
  ignore line: [End of search list.]
  ignore line: [GNU C17 (Arch Repository) version 12.2.0 (arm-none-eabi)]
  ignore line: [	compiled by GNU C version 12.1.1 20220730  GMP version 6.2.1  MPFR version 4.1.0-p13  MPC version 1.2.1  isl version isl-0.25-GMP]
  ignore line: []
  ignore line: [warning: MPFR header version 4.1.0-p13 differs from library version 4.2.0.]
  ignore line: [warning: MPC header version 1.2.1 differs from library version 1.3.1.]
  ignore line: [GGC heuristics: --param ggc-min-expand=100 --param ggc-min-heapsize=131072]
  ignore line: [Compiler executable checksum: d707667ead19e421f781400722da8262]
  ignore line: [COLLECT_GCC_OPTIONS='-fdiagnostics-color=always' '-v' '-o' 'CMakeFiles/cmTC_5b62e.dir/CMakeCCompilerABI.c.obj' '-c' '-mcpu=arm7tdmi' '-mfloat-abi=soft' '-marm' '-mlibarch=armv4t' '-march=armv4t' '-dumpdir' 'CMakeFiles/cmTC_5b62e.dir/']
  ignore line: [ /usr/lib/gcc/arm-none-eabi/12.2.0/../../../../arm-none-eabi/bin/as -v -march=armv4t -mfloat-abi=soft -meabi=5 -o CMakeFiles/cmTC_5b62e.dir/CMakeCCompilerABI.c.obj /tmp/cc2y4iLd.s]
  ignore line: [GNU assembler version 2.39 (arm-none-eabi) using BFD version (GNU Binutils) 2.39]
  ignore line: [COMPILER_PATH=/usr/lib/gcc/arm-none-eabi/12.2.0/:/usr/lib/gcc/arm-none-eabi/12.2.0/:/usr/lib/gcc/arm-none-eabi/:/usr/lib/gcc/arm-none-eabi/12.2.0/:/usr/lib/gcc/arm-none-eabi/:/usr/lib/gcc/arm-none-eabi/12.2.0/../../../../arm-none-eabi/bin/]
  ignore line: [LIBRARY_PATH=/usr/lib/gcc/arm-none-eabi/12.2.0/:/usr/lib/gcc/arm-none-eabi/12.2.0/../../../../arm-none-eabi/lib/:/usr/arm-none-eabi/lib/]
  ignore line: [COLLECT_GCC_OPTIONS='-fdiagnostics-color=always' '-v' '-o' 'CMakeFiles/cmTC_5b62e.dir/CMakeCCompilerABI.c.obj' '-c' '-mcpu=arm7tdmi' '-mfloat-abi=soft' '-marm' '-mlibarch=armv4t' '-march=armv4t' '-dumpdir' 'CMakeFiles/cmTC_5b62e.dir/CMakeCCompilerABI.c.']
  ignore line: [[2/2] Linking C static library libcmTC_5b62e.a]
  ignore line: []
  ignore line: []
  implicit libs: []
  implicit objs: []
  implicit dirs: []
  implicit fwks: []


Detecting CXX compiler ABI info compiled with the following output:
Change Dir: /home/timicasto/Projects/HeartRateMonitor/Firmware/HeartRateMonitor/cmake-build-debug-arm/CMakeFiles/CMakeScratch/TryCompile-HHQsm6

Run Build Command(s):/usr/bin/ninja cmTC_f183a && [1/2] Building CXX object CMakeFiles/cmTC_f183a.dir/CMakeCXXCompilerABI.cpp.obj
Using built-in specs.
COLLECT_GCC=/usr/bin/arm-none-eabi-g++
Target: arm-none-eabi
Configured with: /build/arm-none-eabi-gcc/src/gcc-12.2.0/configure --target=arm-none-eabi --prefix=/usr --with-sysroot=/usr/arm-none-eabi --with-native-system-header-dir=/include --libexecdir=/usr/lib --enable-languages=c,c++ --enable-plugins --disable-decimal-float --disable-libffi --disable-libgomp --disable-libmudflap --disable-libquadmath --disable-libssp --disable-libstdcxx-pch --disable-nls --disable-shared --disable-threads --disable-tls --with-gnu-as --with-gnu-ld --with-system-zlib --with-newlib --with-headers=/usr/arm-none-eabi/include --with-python-dir=share/gcc-arm-none-eabi --with-gmp --with-mpfr --with-mpc --with-isl --with-libelf --enable-gnu-indirect-function --with-host-libstdcxx='-static-libgcc -Wl,-Bstatic,-lstdc++,-Bdynamic -lm' --with-pkgversion='Arch Repository' --with-bugurl=https://bugs.archlinux.org/ --with-multilib-list=rmprofile
Thread model: single
Supported LTO compression algorithms: zlib zstd
gcc version 12.2.0 (Arch Repository) 
COLLECT_GCC_OPTIONS='-fdiagnostics-color=always' '-v' '-o' 'CMakeFiles/cmTC_f183a.dir/CMakeCXXCompilerABI.cpp.obj' '-c' '-mcpu=arm7tdmi' '-mfloat-abi=soft' '-marm' '-mlibarch=armv4t' '-march=armv4t' '-dumpdir' 'CMakeFiles/cmTC_f183a.dir/'
 /usr/lib/gcc/arm-none-eabi/12.2.0/cc1plus -quiet -v -D__USES_INITFINI__ /opt/clion/bin/cmake/linux/x64/share/cmake-3.25/Modules/CMakeCXXCompilerABI.cpp -quiet -dumpdir CMakeFiles/cmTC_f183a.dir/ -dumpbase CMakeCXXCompilerABI.cpp.cpp -dumpbase-ext .cpp -mcpu=arm7tdmi -mfloat-abi=soft -marm -mlibarch=armv4t -march=armv4t -version -fdiagnostics-color=always -o /tmp/ccA4mVwR.s
GNU C++17 (Arch Repository) version 12.2.0 (arm-none-eabi)
	compiled by GNU C version 12.1.1 20220730, GMP version 6.2.1, MPFR version 4.1.0-p13, MPC version 1.2.1, isl version isl-0.25-GMP

warning: MPFR header version 4.1.0-p13 differs from library version 4.2.0.
warning: MPC header version 1.2.1 differs from library version 1.3.1.
GGC heuristics: --param ggc-min-expand=100 --param ggc-min-heapsize=131072
ignoring nonexistent directory "/usr/arm-none-eabi/usr/local/include"
ignoring duplicate directory "/usr/arm-none-eabi/include"
#include "..." search starts here:
#include <...> search starts here:
 /usr/lib/gcc/arm-none-eabi/12.2.0/../../../../arm-none-eabi/include/c++/12.2.0
 /usr/lib/gcc/arm-none-eabi/12.2.0/../../../../arm-none-eabi/include/c++/12.2.0/arm-none-eabi
 /usr/lib/gcc/arm-none-eabi/12.2.0/../../../../arm-none-eabi/include/c++/12.2.0/backward
 /usr/lib/gcc/arm-none-eabi/12.2.0/include
 /usr/lib/gcc/arm-none-eabi/12.2.0/include-fixed
 /usr/lib/gcc/arm-none-eabi/12.2.0/../../../../arm-none-eabi/include
End of search list.
GNU C++17 (Arch Repository) version 12.2.0 (arm-none-eabi)
	compiled by GNU C version 12.1.1 20220730, GMP version 6.2.1, MPFR version 4.1.0-p13, MPC version 1.2.1, isl version isl-0.25-GMP

warning: MPFR header version 4.1.0-p13 differs from library version 4.2.0.
warning: MPC header version 1.2.1 differs from library version 1.3.1.
GGC heuristics: --param ggc-min-expand=100 --param ggc-min-heapsize=131072
Compiler executable checksum: 9b68e316887a43daf3109f423b91a6e3
COLLECT_GCC_OPTIONS='-fdiagnostics-color=always' '-v' '-o' 'CMakeFiles/cmTC_f183a.dir/CMakeCXXCompilerABI.cpp.obj' '-c' '-mcpu=arm7tdmi' '-mfloat-abi=soft' '-marm' '-mlibarch=armv4t' '-march=armv4t' '-dumpdir' 'CMakeFiles/cmTC_f183a.dir/'
 /usr/lib/gcc/arm-none-eabi/12.2.0/../../../../arm-none-eabi/bin/as -v -march=armv4t -mfloat-abi=soft -meabi=5 -o CMakeFiles/cmTC_f183a.dir/CMakeCXXCompilerABI.cpp.obj /tmp/ccA4mVwR.s
GNU assembler version 2.39 (arm-none-eabi) using BFD version (GNU Binutils) 2.39
COMPILER_PATH=/usr/lib/gcc/arm-none-eabi/12.2.0/:/usr/lib/gcc/arm-none-eabi/12.2.0/:/usr/lib/gcc/arm-none-eabi/:/usr/lib/gcc/arm-none-eabi/12.2.0/:/usr/lib/gcc/arm-none-eabi/:/usr/lib/gcc/arm-none-eabi/12.2.0/../../../../arm-none-eabi/bin/
LIBRARY_PATH=/usr/lib/gcc/arm-none-eabi/12.2.0/:/usr/lib/gcc/arm-none-eabi/12.2.0/../../../../arm-none-eabi/lib/:/usr/arm-none-eabi/lib/
COLLECT_GCC_OPTIONS='-fdiagnostics-color=always' '-v' '-o' 'CMakeFiles/cmTC_f183a.dir/CMakeCXXCompilerABI.cpp.obj' '-c' '-mcpu=arm7tdmi' '-mfloat-abi=soft' '-marm' '-mlibarch=armv4t' '-march=armv4t' '-dumpdir' 'CMakeFiles/cmTC_f183a.dir/CMakeCXXCompilerABI.cpp.'
[2/2] Linking CXX static library libcmTC_f183a.a



Parsed CXX implicit include dir info from above output: rv=done
  found start of include info
  found start of implicit include info
    add: [/usr/lib/gcc/arm-none-eabi/12.2.0/../../../../arm-none-eabi/include/c++/12.2.0]
    add: [/usr/lib/gcc/arm-none-eabi/12.2.0/../../../../arm-none-eabi/include/c++/12.2.0/arm-none-eabi]
    add: [/usr/lib/gcc/arm-none-eabi/12.2.0/../../../../arm-none-eabi/include/c++/12.2.0/backward]
    add: [/usr/lib/gcc/arm-none-eabi/12.2.0/include]
    add: [/usr/lib/gcc/arm-none-eabi/12.2.0/include-fixed]
    add: [/usr/lib/gcc/arm-none-eabi/12.2.0/../../../../arm-none-eabi/include]
  end of search list found
  collapse include dir [/usr/lib/gcc/arm-none-eabi/12.2.0/../../../../arm-none-eabi/include/c++/12.2.0] ==> [/usr/arm-none-eabi/include/c++/12.2.0]
  collapse include dir [/usr/lib/gcc/arm-none-eabi/12.2.0/../../../../arm-none-eabi/include/c++/12.2.0/arm-none-eabi] ==> [/usr/arm-none-eabi/include/c++/12.2.0/arm-none-eabi]
  collapse include dir [/usr/lib/gcc/arm-none-eabi/12.2.0/../../../../arm-none-eabi/include/c++/12.2.0/backward] ==> [/usr/arm-none-eabi/include/c++/12.2.0/backward]
  collapse include dir [/usr/lib/gcc/arm-none-eabi/12.2.0/include] ==> [/usr/lib/gcc/arm-none-eabi/12.2.0/include]
  collapse include dir [/usr/lib/gcc/arm-none-eabi/12.2.0/include-fixed] ==> [/usr/lib/gcc/arm-none-eabi/12.2.0/include-fixed]
  collapse include dir [/usr/lib/gcc/arm-none-eabi/12.2.0/../../../../arm-none-eabi/include] ==> [/usr/arm-none-eabi/include]
  implicit include dirs: [/usr/arm-none-eabi/include/c++/12.2.0;/usr/arm-none-eabi/include/c++/12.2.0/arm-none-eabi;/usr/arm-none-eabi/include/c++/12.2.0/backward;/usr/lib/gcc/arm-none-eabi/12.2.0/include;/usr/lib/gcc/arm-none-eabi/12.2.0/include-fixed;/usr/arm-none-eabi/include]


Parsed CXX implicit link information from above output:
  link line regex: [^( *|.*[/\])(arm-none-eabi-ld|CMAKE_LINK_STARTFILE-NOTFOUND|([^/\]+-)?ld|collect2)[^/\]*( |$)]
  ignore line: [Change Dir: /home/timicasto/Projects/HeartRateMonitor/Firmware/HeartRateMonitor/cmake-build-debug-arm/CMakeFiles/CMakeScratch/TryCompile-HHQsm6]
  ignore line: []
  ignore line: [Run Build Command(s):/usr/bin/ninja cmTC_f183a && [1/2] Building CXX object CMakeFiles/cmTC_f183a.dir/CMakeCXXCompilerABI.cpp.obj]
  ignore line: [Using built-in specs.]
  ignore line: [COLLECT_GCC=/usr/bin/arm-none-eabi-g++]
  ignore line: [Target: arm-none-eabi]
  ignore line: [Configured with: /build/arm-none-eabi-gcc/src/gcc-12.2.0/configure --target=arm-none-eabi --prefix=/usr --with-sysroot=/usr/arm-none-eabi --with-native-system-header-dir=/include --libexecdir=/usr/lib --enable-languages=c,c++ --enable-plugins --disable-decimal-float --disable-libffi --disable-libgomp --disable-libmudflap --disable-libquadmath --disable-libssp --disable-libstdcxx-pch --disable-nls --disable-shared --disable-threads --disable-tls --with-gnu-as --with-gnu-ld --with-system-zlib --with-newlib --with-headers=/usr/arm-none-eabi/include --with-python-dir=share/gcc-arm-none-eabi --with-gmp --with-mpfr --with-mpc --with-isl --with-libelf --enable-gnu-indirect-function --with-host-libstdcxx='-static-libgcc -Wl,-Bstatic,-lstdc++,-Bdynamic -lm' --with-pkgversion='Arch Repository' --with-bugurl=https://bugs.archlinux.org/ --with-multilib-list=rmprofile]
  ignore line: [Thread model: single]
  ignore line: [Supported LTO compression algorithms: zlib zstd]
  ignore line: [gcc version 12.2.0 (Arch Repository) ]
  ignore line: [COLLECT_GCC_OPTIONS='-fdiagnostics-color=always' '-v' '-o' 'CMakeFiles/cmTC_f183a.dir/CMakeCXXCompilerABI.cpp.obj' '-c' '-mcpu=arm7tdmi' '-mfloat-abi=soft' '-marm' '-mlibarch=armv4t' '-march=armv4t' '-dumpdir' 'CMakeFiles/cmTC_f183a.dir/']
  ignore line: [ /usr/lib/gcc/arm-none-eabi/12.2.0/cc1plus -quiet -v -D__USES_INITFINI__ /opt/clion/bin/cmake/linux/x64/share/cmake-3.25/Modules/CMakeCXXCompilerABI.cpp -quiet -dumpdir CMakeFiles/cmTC_f183a.dir/ -dumpbase CMakeCXXCompilerABI.cpp.cpp -dumpbase-ext .cpp -mcpu=arm7tdmi -mfloat-abi=soft -marm -mlibarch=armv4t -march=armv4t -version -fdiagnostics-color=always -o /tmp/ccA4mVwR.s]
  ignore line: [GNU C++17 (Arch Repository) version 12.2.0 (arm-none-eabi)]
  ignore line: [	compiled by GNU C version 12.1.1 20220730  GMP version 6.2.1  MPFR version 4.1.0-p13  MPC version 1.2.1  isl version isl-0.25-GMP]
  ignore line: []
  ignore line: [warning: MPFR header version 4.1.0-p13 differs from library version 4.2.0.]
  ignore line: [warning: MPC header version 1.2.1 differs from library version 1.3.1.]
  ignore line: [GGC heuristics: --param ggc-min-expand=100 --param ggc-min-heapsize=131072]
  ignore line: [ignoring nonexistent directory "/usr/arm-none-eabi/usr/local/include"]
  ignore line: [ignoring duplicate directory "/usr/arm-none-eabi/include"]
  ignore line: [#include "..." search starts here:]
  ignore line: [#include <...> search starts here:]
  ignore line: [ /usr/lib/gcc/arm-none-eabi/12.2.0/../../../../arm-none-eabi/include/c++/12.2.0]
  ignore line: [ /usr/lib/gcc/arm-none-eabi/12.2.0/../../../../arm-none-eabi/include/c++/12.2.0/arm-none-eabi]
  ignore line: [ /usr/lib/gcc/arm-none-eabi/12.2.0/../../../../arm-none-eabi/include/c++/12.2.0/backward]
  ignore line: [ /usr/lib/gcc/arm-none-eabi/12.2.0/include]
  ignore line: [ /usr/lib/gcc/arm-none-eabi/12.2.0/include-fixed]
  ignore line: [ /usr/lib/gcc/arm-none-eabi/12.2.0/../../../../arm-none-eabi/include]
  ignore line: [End of search list.]
  ignore line: [GNU C++17 (Arch Repository) version 12.2.0 (arm-none-eabi)]
  ignore line: [	compiled by GNU C version 12.1.1 20220730  GMP version 6.2.1  MPFR version 4.1.0-p13  MPC version 1.2.1  isl version isl-0.25-GMP]
  ignore line: []
  ignore line: [warning: MPFR header version 4.1.0-p13 differs from library version 4.2.0.]
  ignore line: [warning: MPC header version 1.2.1 differs from library version 1.3.1.]
  ignore line: [GGC heuristics: --param ggc-min-expand=100 --param ggc-min-heapsize=131072]
  ignore line: [Compiler executable checksum: 9b68e316887a43daf3109f423b91a6e3]
  ignore line: [COLLECT_GCC_OPTIONS='-fdiagnostics-color=always' '-v' '-o' 'CMakeFiles/cmTC_f183a.dir/CMakeCXXCompilerABI.cpp.obj' '-c' '-mcpu=arm7tdmi' '-mfloat-abi=soft' '-marm' '-mlibarch=armv4t' '-march=armv4t' '-dumpdir' 'CMakeFiles/cmTC_f183a.dir/']
  ignore line: [ /usr/lib/gcc/arm-none-eabi/12.2.0/../../../../arm-none-eabi/bin/as -v -march=armv4t -mfloat-abi=soft -meabi=5 -o CMakeFiles/cmTC_f183a.dir/CMakeCXXCompilerABI.cpp.obj /tmp/ccA4mVwR.s]
  ignore line: [GNU assembler version 2.39 (arm-none-eabi) using BFD version (GNU Binutils) 2.39]
  ignore line: [COMPILER_PATH=/usr/lib/gcc/arm-none-eabi/12.2.0/:/usr/lib/gcc/arm-none-eabi/12.2.0/:/usr/lib/gcc/arm-none-eabi/:/usr/lib/gcc/arm-none-eabi/12.2.0/:/usr/lib/gcc/arm-none-eabi/:/usr/lib/gcc/arm-none-eabi/12.2.0/../../../../arm-none-eabi/bin/]
  ignore line: [LIBRARY_PATH=/usr/lib/gcc/arm-none-eabi/12.2.0/:/usr/lib/gcc/arm-none-eabi/12.2.0/../../../../arm-none-eabi/lib/:/usr/arm-none-eabi/lib/]
  ignore line: [COLLECT_GCC_OPTIONS='-fdiagnostics-color=always' '-v' '-o' 'CMakeFiles/cmTC_f183a.dir/CMakeCXXCompilerABI.cpp.obj' '-c' '-mcpu=arm7tdmi' '-mfloat-abi=soft' '-marm' '-mlibarch=armv4t' '-march=armv4t' '-dumpdir' 'CMakeFiles/cmTC_f183a.dir/CMakeCXXCompilerABI.cpp.']
  ignore line: [[2/2] Linking CXX static library libcmTC_f183a.a]
  ignore line: []
  ignore line: []
  implicit libs: []
  implicit objs: []
  implicit dirs: []
  implicit fwks: []


